  [1m[35m (5.2ms)[0m  [1m[35mCREATE TABLE "schema_migrations" ("version" varchar NOT NULL PRIMARY KEY)[0m
  [1m[35m (6.1ms)[0m  [1m[35mCREATE TABLE "ar_internal_metadata" ("key" varchar NOT NULL PRIMARY KEY, "value" varchar, "created_at" datetime(6) NOT NULL, "updated_at" datetime(6) NOT NULL)[0m
  [1m[36mActiveRecord::SchemaMigration Pluck (0.2ms)[0m  [1m[34mSELECT "schema_migrations"."version" FROM "schema_migrations" ORDER BY "schema_migrations"."version" ASC[0m
Migrating to CreateRestaurants (20230318083828)
  [1m[36mTRANSACTION (0.1ms)[0m  [1m[36mbegin transaction[0m
  [1m[35m (0.4ms)[0m  [1m[35mCREATE TABLE "restaurants" ("id" integer PRIMARY KEY AUTOINCREMENT NOT NULL, "name" varchar, "address" varchar, "created_at" datetime(6) NOT NULL, "updated_at" datetime(6) NOT NULL)[0m
  [1m[36mActiveRecord::SchemaMigration Create (0.2ms)[0m  [1m[32mINSERT INTO "schema_migrations" ("version") VALUES (?)[0m  [["version", "20230318083828"]]
  [1m[36mTRANSACTION (5.0ms)[0m  [1m[36mcommit transaction[0m
Migrating to CreatePizzas (20230318084029)
  [1m[36mTRANSACTION (0.2ms)[0m  [1m[36mbegin transaction[0m
  [1m[35m (0.6ms)[0m  [1m[35mCREATE TABLE "pizzas" ("id" integer PRIMARY KEY AUTOINCREMENT NOT NULL, "name" varchar, "ingredients" varchar, "created_at" datetime(6) NOT NULL, "updated_at" datetime(6) NOT NULL)[0m
  [1m[36mActiveRecord::SchemaMigration Create (0.4ms)[0m  [1m[32mINSERT INTO "schema_migrations" ("version") VALUES (?)[0m  [["version", "20230318084029"]]
  [1m[36mTRANSACTION (12.4ms)[0m  [1m[36mcommit transaction[0m
Migrating to CreateRestaurantPizas (20230318084716)
  [1m[36mTRANSACTION (0.1ms)[0m  [1m[36mbegin transaction[0m
  [1m[35m (0.4ms)[0m  [1m[35mCREATE TABLE "restaurant_pizas" ("id" integer PRIMARY KEY AUTOINCREMENT NOT NULL, "price" float, "restaurant_id" integer NOT NULL, "pizza_id" integer NOT NULL, "created_at" datetime(6) NOT NULL, "updated_at" datetime(6) NOT NULL, CONSTRAINT "fk_rails_e7199a3a9f"
FOREIGN KEY ("restaurant_id")
  REFERENCES "restaurants" ("id")
, CONSTRAINT "fk_rails_bcc365bef3"
FOREIGN KEY ("pizza_id")
  REFERENCES "pizzas" ("id")
)[0m
  [1m[35m (0.2ms)[0m  [1m[35mCREATE INDEX "index_restaurant_pizas_on_restaurant_id" ON "restaurant_pizas" ("restaurant_id")[0m
  [1m[35m (0.2ms)[0m  [1m[35mCREATE INDEX "index_restaurant_pizas_on_pizza_id" ON "restaurant_pizas" ("pizza_id")[0m
  [1m[36mActiveRecord::SchemaMigration Create (0.2ms)[0m  [1m[32mINSERT INTO "schema_migrations" ("version") VALUES (?)[0m  [["version", "20230318084716"]]
  [1m[36mTRANSACTION (5.0ms)[0m  [1m[36mcommit transaction[0m
  [1m[36mActiveRecord::InternalMetadata Load (0.5ms)[0m  [1m[34mSELECT "ar_internal_metadata".* FROM "ar_internal_metadata" WHERE "ar_internal_metadata"."key" = ? LIMIT ?[0m  [["key", "environment"], ["LIMIT", 1]]
  [1m[36mTRANSACTION (0.1ms)[0m  [1m[36mbegin transaction[0m
  [1m[36mActiveRecord::InternalMetadata Create (0.3ms)[0m  [1m[32mINSERT INTO "ar_internal_metadata" ("key", "value", "created_at", "updated_at") VALUES (?, ?, ?, ?)[0m  [["key", "environment"], ["value", "development"], ["created_at", "2023-03-18 08:49:58.030757"], ["updated_at", "2023-03-18 08:49:58.030757"]]
  [1m[36mTRANSACTION (4.9ms)[0m  [1m[36mcommit transaction[0m
  [1m[36mActiveRecord::SchemaMigration Pluck (0.1ms)[0m  [1m[34mSELECT "schema_migrations"."version" FROM "schema_migrations" ORDER BY "schema_migrations"."version" ASC[0m
Started GET "/" for 127.0.0.1 at 2023-03-18 12:23:30 +0300
  [1m[36mActiveRecord::SchemaMigration Pluck (0.3ms)[0m  [1m[34mSELECT "schema_migrations"."version" FROM "schema_migrations" ORDER BY "schema_migrations"."version" ASC[0m
Processing by Rails::WelcomeController#index as HTML
  Rendering /usr/share/rvm/gems/ruby-2.7.4/gems/railties-7.0.4.3/lib/rails/templates/rails/welcome/index.html.erb
  Rendered /usr/share/rvm/gems/ruby-2.7.4/gems/railties-7.0.4.3/lib/rails/templates/rails/welcome/index.html.erb (Duration: 11.4ms | Allocations: 705)
Completed 200 OK in 27ms (Views: 15.5ms | ActiveRecord: 0.0ms | Allocations: 3314)


Started GET "/restaurants" for 127.0.0.1 at 2023-03-18 12:23:41 +0300
Processing by RestaurantsController#index as HTML
Completed 500 Internal Server Error in 42ms (ActiveRecord: 0.0ms | Allocations: 5365)


  
NameError (undefined local variable or method `restaurant' for #<RestaurantsController:0x00000000004790>
Did you mean?  restaurants):
  
app/controllers/restaurants_controller.rb:6:in `index'
Started GET "/favicon.ico" for 127.0.0.1 at 2023-03-18 12:23:41 +0300
  
ActionController::RoutingError (No route matches [GET] "/favicon.ico"):
  
Started GET "/restaurants" for 127.0.0.1 at 2023-03-18 12:24:29 +0300
  [1m[36mActiveRecord::SchemaMigration Pluck (0.1ms)[0m  [1m[34mSELECT "schema_migrations"."version" FROM "schema_migrations" ORDER BY "schema_migrations"."version" ASC[0m
Processing by RestaurantsController#index as HTML
Completed 500 Internal Server Error in 66ms (ActiveRecord: 0.0ms | Allocations: 25763)


  
NameError (undefined local variable or method `ok' for #<RestaurantsController:0x000000000046c8>):
  
app/controllers/restaurants_controller.rb:6:in `index'
Started GET "/restaurants" for 127.0.0.1 at 2023-03-18 12:24:56 +0300
  [1m[36mActiveRecord::SchemaMigration Pluck (0.2ms)[0m  [1m[34mSELECT "schema_migrations"."version" FROM "schema_migrations" ORDER BY "schema_migrations"."version" ASC[0m
Processing by RestaurantsController#index as HTML
  [1m[36mRestaurant Load (5.0ms)[0m  [1m[34mSELECT "restaurants".* FROM "restaurants"[0m
  ↳ app/controllers/restaurants_controller.rb:6:in `index'
Completed 200 OK in 52ms (Views: 3.5ms | ActiveRecord: 5.0ms | Allocations: 24687)


Started GET "/restaurants" for ::1 at 2023-03-18 12:25:57 +0300
Processing by RestaurantsController#index as */*
  Parameters: {"title"=>"Training the Dog", "restaurant"=>{}}
  [1m[36mRestaurant Load (0.1ms)[0m  [1m[34mSELECT "restaurants".* FROM "restaurants"[0m
  ↳ app/controllers/restaurants_controller.rb:6:in `index'
Completed 200 OK in 3ms (Views: 2.2ms | ActiveRecord: 0.5ms | Allocations: 612)


  [1m[36mActiveRecord::SchemaMigration Pluck (0.2ms)[0m  [1m[34mSELECT "schema_migrations"."version" FROM "schema_migrations" ORDER BY "schema_migrations"."version" ASC[0m
  [1m[36mTRANSACTION (0.0ms)[0m  [1m[36mbegin transaction[0m
  [1m[36mRestaurant Create (0.3ms)[0m  [1m[32mINSERT INTO "restaurants" ("name", "address", "created_at", "updated_at") VALUES (?, ?, ?, ?)[0m  [["name", "Baba NYC"], ["address", "281 Jogoo Rd, Atlanta, NB 99992"], ["created_at", "2023-03-18 09:26:13.420420"], ["updated_at", "2023-03-18 09:26:13.420420"]]
  [1m[36mTRANSACTION (3.9ms)[0m  [1m[36mcommit transaction[0m
  [1m[36mTRANSACTION (0.0ms)[0m  [1m[36mbegin transaction[0m
  [1m[36mRestaurant Create (0.2ms)[0m  [1m[32mINSERT INTO "restaurants" ("name", "address", "created_at", "updated_at") VALUES (?, ?, ?, ?)[0m  [["name", "Raila LA"], ["address", "500 Moi Avenue, Brooklyn, NK 7719"], ["created_at", "2023-03-18 09:26:13.427469"], ["updated_at", "2023-03-18 09:26:13.427469"]]
  [1m[36mTRANSACTION (3.6ms)[0m  [1m[36mcommit transaction[0m
  [1m[36mTRANSACTION (0.1ms)[0m  [1m[36mbegin transaction[0m
  [1m[36mRestaurant Create (0.2ms)[0m  [1m[32mINSERT INTO "restaurants" ("name", "address", "created_at", "updated_at") VALUES (?, ?, ?, ?)[0m  [["name", "Odinga Vegas"], ["address", "298 Atlantic Ave, Brooklyn, LD 6129"], ["created_at", "2023-03-18 09:26:13.433761"], ["updated_at", "2023-03-18 09:26:13.433761"]]
  [1m[36mTRANSACTION (4.3ms)[0m  [1m[36mcommit transaction[0m
  [1m[36mTRANSACTION (0.1ms)[0m  [1m[36mbegin transaction[0m
  [1m[36mRestaurant Create (0.8ms)[0m  [1m[32mINSERT INTO "restaurants" ("name", "address", "created_at", "updated_at") VALUES (?, ?, ?, ?)[0m  [["name", "Amolo Miami"], ["address", "992 Run Ave, Brooklyn, NY 68294"], ["created_at", "2023-03-18 09:26:13.441878"], ["updated_at", "2023-03-18 09:26:13.441878"]]
  [1m[36mTRANSACTION (4.5ms)[0m  [1m[36mcommit transaction[0m
Started GET "/restaurants" for ::1 at 2023-03-18 12:26:21 +0300
  [1m[36mActiveRecord::SchemaMigration Pluck (0.2ms)[0m  [1m[34mSELECT "schema_migrations"."version" FROM "schema_migrations" ORDER BY "schema_migrations"."version" ASC[0m
Processing by RestaurantsController#index as */*
  Parameters: {"title"=>"Training the Dog", "restaurant"=>{}}
  [1m[36mRestaurant Load (0.3ms)[0m  [1m[34mSELECT "restaurants".* FROM "restaurants"[0m
  ↳ app/controllers/restaurants_controller.rb:6:in `index'
Completed 200 OK in 75ms (Views: 39.6ms | ActiveRecord: 1.1ms | Allocations: 36504)


Started GET "/restaurants" for 127.0.0.1 at 2023-03-18 12:26:27 +0300
Processing by RestaurantsController#index as HTML
  [1m[36mRestaurant Load (0.3ms)[0m  [1m[34mSELECT "restaurants".* FROM "restaurants"[0m
  ↳ app/controllers/restaurants_controller.rb:6:in `index'
Completed 200 OK in 12ms (Views: 7.7ms | ActiveRecord: 0.3ms | Allocations: 1056)


Started GET "/restaurants" for ::1 at 2023-03-18 12:27:27 +0300
Processing by RestaurantsController#index as */*
  Parameters: {"title"=>"Training the Dog", "restaurant"=>{}}
  [1m[36mRestaurant Load (0.2ms)[0m  [1m[34mSELECT "restaurants".* FROM "restaurants"[0m
  ↳ app/controllers/restaurants_controller.rb:5:in `index'
Completed 200 OK in 13ms (Views: 11.0ms | ActiveRecord: 1.9ms | Allocations: 2223)


Started GET "/restaurants/1" for ::1 at 2023-03-18 12:30:23 +0300
Processing by RestaurantsController#show as */*
  Parameters: {"title"=>"Training the Dog", "id"=>"1", "restaurant"=>{}}
  [1m[36mRestaurant Load (0.2ms)[0m  [1m[34mSELECT "restaurants".* FROM "restaurants" WHERE "restaurants"."id" = ? LIMIT ?[0m  [["id", 1], ["LIMIT", 1]]
  ↳ app/controllers/restaurants_controller.rb:12:in `show'
Completed 200 OK in 9ms (Views: 0.5ms | ActiveRecord: 1.5ms | Allocations: 2555)


Started GET "/restaurants/5" for ::1 at 2023-03-18 12:30:31 +0300
Processing by RestaurantsController#show as */*
  Parameters: {"title"=>"Training the Dog", "id"=>"5", "restaurant"=>{}}
  [1m[36mRestaurant Load (0.1ms)[0m  [1m[34mSELECT "restaurants".* FROM "restaurants" WHERE "restaurants"."id" = ? LIMIT ?[0m  [["id", 5], ["LIMIT", 1]]
  ↳ app/controllers/restaurants_controller.rb:12:in `show'
Completed 404 Not Found in 1ms (Views: 0.1ms | ActiveRecord: 0.1ms | Allocations: 502)


Started DELETE "/restaurants/5" for ::1 at 2023-03-18 12:32:48 +0300
Processing by RestaurantsController#destroy as */*
  Parameters: {"title"=>"Training the Dog", "id"=>"5", "restaurant"=>{}}
  [1m[36mRestaurant Load (0.1ms)[0m  [1m[34mSELECT "restaurants".* FROM "restaurants" WHERE "restaurants"."id" = ? LIMIT ?[0m  [["id", 5], ["LIMIT", 1]]
  ↳ app/controllers/restaurants_controller.rb:22:in `destroy'
Completed 404 Not Found in 2ms (Views: 0.3ms | ActiveRecord: 2.5ms | Allocations: 659)


Started DELETE "/restaurants/1" for ::1 at 2023-03-18 12:32:55 +0300
Processing by RestaurantsController#destroy as */*
  Parameters: {"title"=>"Training the Dog", "id"=>"1", "restaurant"=>{}}
  [1m[36mRestaurant Load (0.4ms)[0m  [1m[34mSELECT "restaurants".* FROM "restaurants" WHERE "restaurants"."id" = ? LIMIT ?[0m  [["id", 1], ["LIMIT", 1]]
  ↳ app/controllers/restaurants_controller.rb:22:in `destroy'
  [1m[36mTRANSACTION (0.1ms)[0m  [1m[36mbegin transaction[0m
  ↳ app/controllers/restaurants_controller.rb:24:in `destroy'
  [1m[36mRestaurant Destroy (4.0ms)[0m  [1m[31mDELETE FROM "restaurants" WHERE "restaurants"."id" = ?[0m  [["id", 1]]
  ↳ app/controllers/restaurants_controller.rb:24:in `destroy'
  [1m[36mTRANSACTION (3.6ms)[0m  [1m[36mcommit transaction[0m
  ↳ app/controllers/restaurants_controller.rb:24:in `destroy'
Completed 200 OK in 15ms (Views: 0.5ms | ActiveRecord: 8.4ms | Allocations: 3030)


Started DELETE "/restaurants/1" for ::1 at 2023-03-18 12:33:02 +0300
Processing by RestaurantsController#destroy as */*
  Parameters: {"title"=>"Training the Dog", "id"=>"1", "restaurant"=>{}}
  [1m[36mRestaurant Load (0.1ms)[0m  [1m[34mSELECT "restaurants".* FROM "restaurants" WHERE "restaurants"."id" = ? LIMIT ?[0m  [["id", 1], ["LIMIT", 1]]
  ↳ app/controllers/restaurants_controller.rb:22:in `destroy'
Completed 404 Not Found in 1ms (Views: 0.2ms | ActiveRecord: 0.1ms | Allocations: 501)


Started GET "/restaurants/1" for ::1 at 2023-03-18 12:33:06 +0300
Processing by RestaurantsController#show as */*
  Parameters: {"title"=>"Training the Dog", "id"=>"1", "restaurant"=>{}}
  [1m[36mRestaurant Load (0.1ms)[0m  [1m[34mSELECT "restaurants".* FROM "restaurants" WHERE "restaurants"."id" = ? LIMIT ?[0m  [["id", 1], ["LIMIT", 1]]
  ↳ app/controllers/restaurants_controller.rb:12:in `show'
Completed 404 Not Found in 1ms (Views: 0.1ms | ActiveRecord: 0.1ms | Allocations: 502)


Started GET "/restaurants/" for ::1 at 2023-03-18 12:33:11 +0300
Processing by RestaurantsController#index as */*
  Parameters: {"title"=>"Training the Dog", "restaurant"=>{}}
  [1m[36mRestaurant Load (0.2ms)[0m  [1m[34mSELECT "restaurants".* FROM "restaurants"[0m
  ↳ app/controllers/restaurants_controller.rb:6:in `index'
Completed 200 OK in 2ms (Views: 1.8ms | ActiveRecord: 0.2ms | Allocations: 978)


  [1m[36mActiveRecord::SchemaMigration Pluck (0.2ms)[0m  [1m[34mSELECT "schema_migrations"."version" FROM "schema_migrations" ORDER BY "schema_migrations"."version" ASC[0m
  [1m[36mTRANSACTION (0.1ms)[0m  [1m[36mbegin transaction[0m
  [1m[36mRestaurant Create (0.3ms)[0m  [1m[32mINSERT INTO "restaurants" ("name", "address", "created_at", "updated_at") VALUES (?, ?, ?, ?)[0m  [["name", "Baba NYC"], ["address", "281 Jogoo Rd, Atlanta, NB 99992"], ["created_at", "2023-03-18 09:38:29.459842"], ["updated_at", "2023-03-18 09:38:29.459842"]]
  [1m[36mTRANSACTION (7.3ms)[0m  [1m[36mcommit transaction[0m
  [1m[36mTRANSACTION (0.0ms)[0m  [1m[36mbegin transaction[0m
  [1m[36mRestaurant Create (0.2ms)[0m  [1m[32mINSERT INTO "restaurants" ("name", "address", "created_at", "updated_at") VALUES (?, ?, ?, ?)[0m  [["name", "Raila LA"], ["address", "500 Moi Avenue, Brooklyn, NK 7719"], ["created_at", "2023-03-18 09:38:29.471390"], ["updated_at", "2023-03-18 09:38:29.471390"]]
  [1m[36mTRANSACTION (4.0ms)[0m  [1m[36mcommit transaction[0m
  [1m[36mTRANSACTION (0.1ms)[0m  [1m[36mbegin transaction[0m
  [1m[36mRestaurant Create (0.6ms)[0m  [1m[32mINSERT INTO "restaurants" ("name", "address", "created_at", "updated_at") VALUES (?, ?, ?, ?)[0m  [["name", "Odinga Vegas"], ["address", "298 Atlantic Ave, Brooklyn, LD 6129"], ["created_at", "2023-03-18 09:38:29.480276"], ["updated_at", "2023-03-18 09:38:29.480276"]]
  [1m[36mTRANSACTION (4.6ms)[0m  [1m[36mcommit transaction[0m
  [1m[36mTRANSACTION (0.2ms)[0m  [1m[36mbegin transaction[0m
  [1m[36mRestaurant Create (0.4ms)[0m  [1m[32mINSERT INTO "restaurants" ("name", "address", "created_at", "updated_at") VALUES (?, ?, ?, ?)[0m  [["name", "Amolo Miami"], ["address", "992 Run Ave, Brooklyn, NY 68294"], ["created_at", "2023-03-18 09:38:29.493841"], ["updated_at", "2023-03-18 09:38:29.493841"]]
  [1m[36mTRANSACTION (3.9ms)[0m  [1m[36mcommit transaction[0m
  [1m[36mTRANSACTION (0.1ms)[0m  [1m[36mbegin transaction[0m
  [1m[36mPizza Create (0.4ms)[0m  [1m[32mINSERT INTO "pizzas" ("name", "ingredients", "created_at", "updated_at") VALUES (?, ?, ?, ?)[0m  [["name", "Cheese"], ["ingredients", "Dough, Tomato Sauce, Cheese"], ["created_at", "2023-03-18 09:38:29.518405"], ["updated_at", "2023-03-18 09:38:29.518405"]]
  [1m[36mTRANSACTION (3.5ms)[0m  [1m[36mcommit transaction[0m
  [1m[36mTRANSACTION (0.0ms)[0m  [1m[36mbegin transaction[0m
  [1m[36mPizza Create (0.2ms)[0m  [1m[32mINSERT INTO "pizzas" ("name", "ingredients", "created_at", "updated_at") VALUES (?, ?, ?, ?)[0m  [["name", "Pepperoni"], ["ingredients", "Dough, Tomato Sauce, Cheese, Pepperoni"], ["created_at", "2023-03-18 09:38:29.526496"], ["updated_at", "2023-03-18 09:38:29.526496"]]
  [1m[36mTRANSACTION (3.6ms)[0m  [1m[36mcommit transaction[0m
Started GET "/pizzas" for ::1 at 2023-03-18 12:38:45 +0300
  [1m[36mActiveRecord::SchemaMigration Pluck (0.4ms)[0m  [1m[34mSELECT "schema_migrations"."version" FROM "schema_migrations" ORDER BY "schema_migrations"."version" ASC[0m
Processing by PizzasController#index as */*
  Parameters: {"title"=>"Training the Dog", "pizza"=>{}}
  [1m[36mPizza Load (0.2ms)[0m  [1m[34mSELECT "pizzas".* FROM "pizzas"[0m
  ↳ app/controllers/pizzas_controller.rb:4:in `index'
Completed 200 OK in 84ms (Views: 39.2ms | ActiveRecord: 1.8ms | Allocations: 36295)


  [1m[36mActiveRecord::SchemaMigration Pluck (0.1ms)[0m  [1m[34mSELECT "schema_migrations"."version" FROM "schema_migrations" ORDER BY "schema_migrations"."version" ASC[0m
  [1m[36mTRANSACTION (0.1ms)[0m  [1m[36mbegin transaction[0m
  [1m[36mRestaurant Create (0.3ms)[0m  [1m[32mINSERT INTO "restaurants" ("name", "address", "created_at", "updated_at") VALUES (?, ?, ?, ?)[0m  [["name", "Baba NYC"], ["address", "281 Jogoo Rd, Atlanta, NB 99992"], ["created_at", "2023-03-18 09:51:37.107194"], ["updated_at", "2023-03-18 09:51:37.107194"]]
  [1m[36mTRANSACTION (6.8ms)[0m  [1m[36mcommit transaction[0m
  [1m[36mTRANSACTION (0.0ms)[0m  [1m[36mbegin transaction[0m
  [1m[36mRestaurant Create (0.2ms)[0m  [1m[32mINSERT INTO "restaurants" ("name", "address", "created_at", "updated_at") VALUES (?, ?, ?, ?)[0m  [["name", "Raila LA"], ["address", "500 Moi Avenue, Brooklyn, NK 7719"], ["created_at", "2023-03-18 09:51:37.117997"], ["updated_at", "2023-03-18 09:51:37.117997"]]
  [1m[36mTRANSACTION (3.4ms)[0m  [1m[36mcommit transaction[0m
  [1m[36mTRANSACTION (0.0ms)[0m  [1m[36mbegin transaction[0m
  [1m[36mRestaurant Create (0.2ms)[0m  [1m[32mINSERT INTO "restaurants" ("name", "address", "created_at", "updated_at") VALUES (?, ?, ?, ?)[0m  [["name", "Odinga Vegas"], ["address", "298 Atlantic Ave, Brooklyn, LD 6129"], ["created_at", "2023-03-18 09:51:37.123390"], ["updated_at", "2023-03-18 09:51:37.123390"]]
  [1m[36mTRANSACTION (3.6ms)[0m  [1m[36mcommit transaction[0m
  [1m[36mTRANSACTION (0.0ms)[0m  [1m[36mbegin transaction[0m
  [1m[36mRestaurant Create (0.2ms)[0m  [1m[32mINSERT INTO "restaurants" ("name", "address", "created_at", "updated_at") VALUES (?, ?, ?, ?)[0m  [["name", "Amolo Miami"], ["address", "992 Run Ave, Brooklyn, NY 68294"], ["created_at", "2023-03-18 09:51:37.129490"], ["updated_at", "2023-03-18 09:51:37.129490"]]
  [1m[36mTRANSACTION (3.4ms)[0m  [1m[36mcommit transaction[0m
  [1m[36mTRANSACTION (0.0ms)[0m  [1m[36mbegin transaction[0m
  [1m[36mPizza Create (0.2ms)[0m  [1m[32mINSERT INTO "pizzas" ("name", "ingredients", "created_at", "updated_at") VALUES (?, ?, ?, ?)[0m  [["name", "Cheese"], ["ingredients", "Dough, Tomato Sauce, Cheese"], ["created_at", "2023-03-18 09:51:37.142466"], ["updated_at", "2023-03-18 09:51:37.142466"]]
  [1m[36mTRANSACTION (3.6ms)[0m  [1m[36mcommit transaction[0m
  [1m[36mTRANSACTION (0.0ms)[0m  [1m[36mbegin transaction[0m
  [1m[36mPizza Create (0.2ms)[0m  [1m[32mINSERT INTO "pizzas" ("name", "ingredients", "created_at", "updated_at") VALUES (?, ?, ?, ?)[0m  [["name", "Pepperoni"], ["ingredients", "Dough, Tomato Sauce, Cheese, Pepperoni"], ["created_at", "2023-03-18 09:51:37.149973"], ["updated_at", "2023-03-18 09:51:37.149973"]]
  [1m[36mTRANSACTION (3.6ms)[0m  [1m[36mcommit transaction[0m
  [1m[36mActiveRecord::SchemaMigration Pluck (0.1ms)[0m  [1m[34mSELECT "schema_migrations"."version" FROM "schema_migrations" ORDER BY "schema_migrations"."version" ASC[0m
  [1m[36mTRANSACTION (0.1ms)[0m  [1m[36mbegin transaction[0m
  [1m[36mRestaurant Create (0.3ms)[0m  [1m[32mINSERT INTO "restaurants" ("name", "address", "created_at", "updated_at") VALUES (?, ?, ?, ?)[0m  [["name", "Baba NYC"], ["address", "281 Jogoo Rd, Atlanta, NB 99992"], ["created_at", "2023-03-18 09:53:01.403008"], ["updated_at", "2023-03-18 09:53:01.403008"]]
  [1m[36mTRANSACTION (7.8ms)[0m  [1m[36mcommit transaction[0m
  [1m[36mTRANSACTION (0.1ms)[0m  [1m[36mbegin transaction[0m
  [1m[36mRestaurant Create (0.2ms)[0m  [1m[32mINSERT INTO "restaurants" ("name", "address", "created_at", "updated_at") VALUES (?, ?, ?, ?)[0m  [["name", "Raila LA"], ["address", "500 Moi Avenue, Brooklyn, NK 7719"], ["created_at", "2023-03-18 09:53:01.415208"], ["updated_at", "2023-03-18 09:53:01.415208"]]
  [1m[36mTRANSACTION (3.9ms)[0m  [1m[36mcommit transaction[0m
  [1m[36mTRANSACTION (0.1ms)[0m  [1m[36mbegin transaction[0m
  [1m[36mRestaurant Create (0.2ms)[0m  [1m[32mINSERT INTO "restaurants" ("name", "address", "created_at", "updated_at") VALUES (?, ?, ?, ?)[0m  [["name", "Odinga Vegas"], ["address", "298 Atlantic Ave, Brooklyn, LD 6129"], ["created_at", "2023-03-18 09:53:01.423056"], ["updated_at", "2023-03-18 09:53:01.423056"]]
  [1m[36mTRANSACTION (3.7ms)[0m  [1m[36mcommit transaction[0m
  [1m[36mTRANSACTION (0.1ms)[0m  [1m[36mbegin transaction[0m
  [1m[36mRestaurant Create (0.2ms)[0m  [1m[32mINSERT INTO "restaurants" ("name", "address", "created_at", "updated_at") VALUES (?, ?, ?, ?)[0m  [["name", "Amolo Miami"], ["address", "992 Run Ave, Brooklyn, NY 68294"], ["created_at", "2023-03-18 09:53:01.430199"], ["updated_at", "2023-03-18 09:53:01.430199"]]
  [1m[36mTRANSACTION (3.7ms)[0m  [1m[36mcommit transaction[0m
  [1m[36mTRANSACTION (0.0ms)[0m  [1m[36mbegin transaction[0m
  [1m[36mPizza Create (0.2ms)[0m  [1m[32mINSERT INTO "pizzas" ("name", "ingredients", "created_at", "updated_at") VALUES (?, ?, ?, ?)[0m  [["name", "Cheese"], ["ingredients", "Dough, Tomato Sauce, Cheese"], ["created_at", "2023-03-18 09:53:01.445520"], ["updated_at", "2023-03-18 09:53:01.445520"]]
  [1m[36mTRANSACTION (3.8ms)[0m  [1m[36mcommit transaction[0m
  [1m[36mTRANSACTION (0.1ms)[0m  [1m[36mbegin transaction[0m
  [1m[36mPizza Create (0.2ms)[0m  [1m[32mINSERT INTO "pizzas" ("name", "ingredients", "created_at", "updated_at") VALUES (?, ?, ?, ?)[0m  [["name", "Pepperoni"], ["ingredients", "Dough, Tomato Sauce, Cheese, Pepperoni"], ["created_at", "2023-03-18 09:53:01.453181"], ["updated_at", "2023-03-18 09:53:01.453181"]]
  [1m[36mTRANSACTION (3.7ms)[0m  [1m[36mcommit transaction[0m
  [1m[36mActiveRecord::SchemaMigration Pluck (0.1ms)[0m  [1m[34mSELECT "schema_migrations"."version" FROM "schema_migrations" ORDER BY "schema_migrations"."version" ASC[0m
  [1m[36mTRANSACTION (0.1ms)[0m  [1m[36mbegin transaction[0m
  [1m[36mRestaurant Create (0.4ms)[0m  [1m[32mINSERT INTO "restaurants" ("name", "address", "created_at", "updated_at") VALUES (?, ?, ?, ?)[0m  [["name", "Baba NYC"], ["address", "281 Jogoo Rd, Atlanta, NB 99992"], ["created_at", "2023-03-18 09:53:30.471556"], ["updated_at", "2023-03-18 09:53:30.471556"]]
  [1m[36mTRANSACTION (7.7ms)[0m  [1m[36mcommit transaction[0m
  [1m[36mTRANSACTION (0.1ms)[0m  [1m[36mbegin transaction[0m
  [1m[36mRestaurant Create (0.4ms)[0m  [1m[32mINSERT INTO "restaurants" ("name", "address", "created_at", "updated_at") VALUES (?, ?, ?, ?)[0m  [["name", "Raila LA"], ["address", "500 Moi Avenue, Brooklyn, NK 7719"], ["created_at", "2023-03-18 09:53:30.483847"], ["updated_at", "2023-03-18 09:53:30.483847"]]
  [1m[36mTRANSACTION (3.8ms)[0m  [1m[36mcommit transaction[0m
  [1m[36mTRANSACTION (0.1ms)[0m  [1m[36mbegin transaction[0m
  [1m[36mRestaurant Create (0.5ms)[0m  [1m[32mINSERT INTO "restaurants" ("name", "address", "created_at", "updated_at") VALUES (?, ?, ?, ?)[0m  [["name", "Odinga Vegas"], ["address", "298 Atlantic Ave, Brooklyn, LD 6129"], ["created_at", "2023-03-18 09:53:30.492172"], ["updated_at", "2023-03-18 09:53:30.492172"]]
  [1m[36mTRANSACTION (3.8ms)[0m  [1m[36mcommit transaction[0m
  [1m[36mTRANSACTION (0.1ms)[0m  [1m[36mbegin transaction[0m
  [1m[36mRestaurant Create (0.2ms)[0m  [1m[32mINSERT INTO "restaurants" ("name", "address", "created_at", "updated_at") VALUES (?, ?, ?, ?)[0m  [["name", "Amolo Miami"], ["address", "992 Run Ave, Brooklyn, NY 68294"], ["created_at", "2023-03-18 09:53:30.502651"], ["updated_at", "2023-03-18 09:53:30.502651"]]
  [1m[36mTRANSACTION (4.8ms)[0m  [1m[36mcommit transaction[0m
  [1m[36mTRANSACTION (0.1ms)[0m  [1m[36mbegin transaction[0m
  [1m[36mPizza Create (0.3ms)[0m  [1m[32mINSERT INTO "pizzas" ("name", "ingredients", "created_at", "updated_at") VALUES (?, ?, ?, ?)[0m  [["name", "Cheese"], ["ingredients", "Dough, Tomato Sauce, Cheese"], ["created_at", "2023-03-18 09:53:30.527319"], ["updated_at", "2023-03-18 09:53:30.527319"]]
  [1m[36mTRANSACTION (3.8ms)[0m  [1m[36mcommit transaction[0m
  [1m[36mTRANSACTION (0.1ms)[0m  [1m[36mbegin transaction[0m
  [1m[36mPizza Create (0.3ms)[0m  [1m[32mINSERT INTO "pizzas" ("name", "ingredients", "created_at", "updated_at") VALUES (?, ?, ?, ?)[0m  [["name", "Pepperoni"], ["ingredients", "Dough, Tomato Sauce, Cheese, Pepperoni"], ["created_at", "2023-03-18 09:53:30.536121"], ["updated_at", "2023-03-18 09:53:30.536121"]]
  [1m[36mTRANSACTION (4.1ms)[0m  [1m[36mcommit transaction[0m
  [1m[36mActiveRecord::SchemaMigration Pluck (0.1ms)[0m  [1m[34mSELECT "schema_migrations"."version" FROM "schema_migrations" ORDER BY "schema_migrations"."version" ASC[0m
  [1m[36mTRANSACTION (0.0ms)[0m  [1m[36mbegin transaction[0m
  [1m[36mRestaurant Create (0.3ms)[0m  [1m[32mINSERT INTO "restaurants" ("name", "address", "created_at", "updated_at") VALUES (?, ?, ?, ?)[0m  [["name", "Baba NYC"], ["address", "281 Jogoo Rd, Atlanta, NB 99992"], ["created_at", "2023-03-18 09:56:17.783801"], ["updated_at", "2023-03-18 09:56:17.783801"]]
  [1m[36mTRANSACTION (7.6ms)[0m  [1m[36mcommit transaction[0m
  [1m[36mTRANSACTION (0.1ms)[0m  [1m[36mbegin transaction[0m
  [1m[36mRestaurant Create (0.3ms)[0m  [1m[32mINSERT INTO "restaurants" ("name", "address", "created_at", "updated_at") VALUES (?, ?, ?, ?)[0m  [["name", "Raila LA"], ["address", "500 Moi Avenue, Brooklyn, NK 7719"], ["created_at", "2023-03-18 09:56:17.795181"], ["updated_at", "2023-03-18 09:56:17.795181"]]
  [1m[36mTRANSACTION (3.5ms)[0m  [1m[36mcommit transaction[0m
  [1m[36mTRANSACTION (0.1ms)[0m  [1m[36mbegin transaction[0m
  [1m[36mRestaurant Create (0.2ms)[0m  [1m[32mINSERT INTO "restaurants" ("name", "address", "created_at", "updated_at") VALUES (?, ?, ?, ?)[0m  [["name", "Odinga Vegas"], ["address", "298 Atlantic Ave, Brooklyn, LD 6129"], ["created_at", "2023-03-18 09:56:17.802922"], ["updated_at", "2023-03-18 09:56:17.802922"]]
  [1m[36mTRANSACTION (3.4ms)[0m  [1m[36mcommit transaction[0m
  [1m[36mTRANSACTION (0.0ms)[0m  [1m[36mbegin transaction[0m
  [1m[36mRestaurant Create (0.2ms)[0m  [1m[32mINSERT INTO "restaurants" ("name", "address", "created_at", "updated_at") VALUES (?, ?, ?, ?)[0m  [["name", "Amolo Miami"], ["address", "992 Run Ave, Brooklyn, NY 68294"], ["created_at", "2023-03-18 09:56:17.809983"], ["updated_at", "2023-03-18 09:56:17.809983"]]
  [1m[36mTRANSACTION (3.6ms)[0m  [1m[36mcommit transaction[0m
  [1m[36mTRANSACTION (0.1ms)[0m  [1m[36mbegin transaction[0m
  [1m[36mPizza Create (0.2ms)[0m  [1m[32mINSERT INTO "pizzas" ("name", "ingredients", "created_at", "updated_at") VALUES (?, ?, ?, ?)[0m  [["name", "Cheese"], ["ingredients", "Dough, Tomato Sauce, Cheese"], ["created_at", "2023-03-18 09:56:17.827017"], ["updated_at", "2023-03-18 09:56:17.827017"]]
  [1m[36mTRANSACTION (3.5ms)[0m  [1m[36mcommit transaction[0m
  [1m[36mTRANSACTION (0.1ms)[0m  [1m[36mbegin transaction[0m
  [1m[36mPizza Create (0.2ms)[0m  [1m[32mINSERT INTO "pizzas" ("name", "ingredients", "created_at", "updated_at") VALUES (?, ?, ?, ?)[0m  [["name", "Pepperoni"], ["ingredients", "Dough, Tomato Sauce, Cheese, Pepperoni"], ["created_at", "2023-03-18 09:56:17.834851"], ["updated_at", "2023-03-18 09:56:17.834851"]]
  [1m[36mTRANSACTION (3.6ms)[0m  [1m[36mcommit transaction[0m
  [1m[36mActiveRecord::SchemaMigration Pluck (0.2ms)[0m  [1m[34mSELECT "schema_migrations"."version" FROM "schema_migrations" ORDER BY "schema_migrations"."version" ASC[0m
  [1m[36mTRANSACTION (0.0ms)[0m  [1m[36mbegin transaction[0m
  [1m[36mRestaurant Create (0.2ms)[0m  [1m[32mINSERT INTO "restaurants" ("name", "address", "created_at", "updated_at") VALUES (?, ?, ?, ?)[0m  [["name", "Baba NYC"], ["address", "281 Jogoo Rd, Atlanta, NB 99992"], ["created_at", "2023-03-18 09:58:37.661368"], ["updated_at", "2023-03-18 09:58:37.661368"]]
  [1m[36mTRANSACTION (7.0ms)[0m  [1m[36mcommit transaction[0m
  [1m[36mTRANSACTION (0.1ms)[0m  [1m[36mbegin transaction[0m
  [1m[36mRestaurant Create (0.2ms)[0m  [1m[32mINSERT INTO "restaurants" ("name", "address", "created_at", "updated_at") VALUES (?, ?, ?, ?)[0m  [["name", "Raila LA"], ["address", "500 Moi Avenue, Brooklyn, NK 7719"], ["created_at", "2023-03-18 09:58:37.672173"], ["updated_at", "2023-03-18 09:58:37.672173"]]
  [1m[36mTRANSACTION (3.6ms)[0m  [1m[36mcommit transaction[0m
  [1m[36mTRANSACTION (0.0ms)[0m  [1m[36mbegin transaction[0m
  [1m[36mRestaurant Create (0.2ms)[0m  [1m[32mINSERT INTO "restaurants" ("name", "address", "created_at", "updated_at") VALUES (?, ?, ?, ?)[0m  [["name", "Odinga Vegas"], ["address", "298 Atlantic Ave, Brooklyn, LD 6129"], ["created_at", "2023-03-18 09:58:37.679424"], ["updated_at", "2023-03-18 09:58:37.679424"]]
  [1m[36mTRANSACTION (4.0ms)[0m  [1m[36mcommit transaction[0m
  [1m[36mTRANSACTION (0.1ms)[0m  [1m[36mbegin transaction[0m
  [1m[36mRestaurant Create (0.3ms)[0m  [1m[32mINSERT INTO "restaurants" ("name", "address", "created_at", "updated_at") VALUES (?, ?, ?, ?)[0m  [["name", "Amolo Miami"], ["address", "992 Run Ave, Brooklyn, NY 68294"], ["created_at", "2023-03-18 09:58:37.687279"], ["updated_at", "2023-03-18 09:58:37.687279"]]
  [1m[36mTRANSACTION (3.4ms)[0m  [1m[36mcommit transaction[0m
  [1m[36mTRANSACTION (0.1ms)[0m  [1m[36mbegin transaction[0m
  [1m[36mPizza Create (0.2ms)[0m  [1m[32mINSERT INTO "pizzas" ("name", "ingredients", "created_at", "updated_at") VALUES (?, ?, ?, ?)[0m  [["name", "Cheese"], ["ingredients", "Dough, Tomato Sauce, Cheese"], ["created_at", "2023-03-18 09:58:37.707042"], ["updated_at", "2023-03-18 09:58:37.707042"]]
  [1m[36mTRANSACTION (3.5ms)[0m  [1m[36mcommit transaction[0m
  [1m[36mTRANSACTION (0.0ms)[0m  [1m[36mbegin transaction[0m
  [1m[36mPizza Create (0.2ms)[0m  [1m[32mINSERT INTO "pizzas" ("name", "ingredients", "created_at", "updated_at") VALUES (?, ?, ?, ?)[0m  [["name", "Pepperoni"], ["ingredients", "Dough, Tomato Sauce, Cheese, Pepperoni"], ["created_at", "2023-03-18 09:58:37.714489"], ["updated_at", "2023-03-18 09:58:37.714489"]]
  [1m[36mTRANSACTION (3.4ms)[0m  [1m[36mcommit transaction[0m
  [1m[36mActiveRecord::SchemaMigration Pluck (0.1ms)[0m  [1m[34mSELECT "schema_migrations"."version" FROM "schema_migrations" ORDER BY "schema_migrations"."version" ASC[0m
  [1m[36mTRANSACTION (0.0ms)[0m  [1m[36mbegin transaction[0m
  [1m[36mRestaurant Create (0.2ms)[0m  [1m[32mINSERT INTO "restaurants" ("name", "address", "created_at", "updated_at") VALUES (?, ?, ?, ?)[0m  [["name", "Baba NYC"], ["address", "281 Jogoo Rd, Atlanta, NB 99992"], ["created_at", "2023-03-18 09:59:20.103956"], ["updated_at", "2023-03-18 09:59:20.103956"]]
  [1m[36mTRANSACTION (7.0ms)[0m  [1m[36mcommit transaction[0m
  [1m[36mTRANSACTION (0.1ms)[0m  [1m[36mbegin transaction[0m
  [1m[36mRestaurant Create (0.2ms)[0m  [1m[32mINSERT INTO "restaurants" ("name", "address", "created_at", "updated_at") VALUES (?, ?, ?, ?)[0m  [["name", "Raila LA"], ["address", "500 Moi Avenue, Brooklyn, NK 7719"], ["created_at", "2023-03-18 09:59:20.115191"], ["updated_at", "2023-03-18 09:59:20.115191"]]
  [1m[36mTRANSACTION (3.7ms)[0m  [1m[36mcommit transaction[0m
  [1m[36mTRANSACTION (0.1ms)[0m  [1m[36mbegin transaction[0m
  [1m[36mRestaurant Create (0.2ms)[0m  [1m[32mINSERT INTO "restaurants" ("name", "address", "created_at", "updated_at") VALUES (?, ?, ?, ?)[0m  [["name", "Odinga Vegas"], ["address", "298 Atlantic Ave, Brooklyn, LD 6129"], ["created_at", "2023-03-18 09:59:20.122553"], ["updated_at", "2023-03-18 09:59:20.122553"]]
  [1m[36mTRANSACTION (3.8ms)[0m  [1m[36mcommit transaction[0m
  [1m[36mTRANSACTION (0.1ms)[0m  [1m[36mbegin transaction[0m
  [1m[36mRestaurant Create (0.2ms)[0m  [1m[32mINSERT INTO "restaurants" ("name", "address", "created_at", "updated_at") VALUES (?, ?, ?, ?)[0m  [["name", "Amolo Miami"], ["address", "992 Run Ave, Brooklyn, NY 68294"], ["created_at", "2023-03-18 09:59:20.129877"], ["updated_at", "2023-03-18 09:59:20.129877"]]
  [1m[36mTRANSACTION (3.5ms)[0m  [1m[36mcommit transaction[0m
  [1m[36mTRANSACTION (0.1ms)[0m  [1m[36mbegin transaction[0m
  [1m[36mPizza Create (0.2ms)[0m  [1m[32mINSERT INTO "pizzas" ("name", "ingredients", "created_at", "updated_at") VALUES (?, ?, ?, ?)[0m  [["name", "Cheese"], ["ingredients", "Dough, Tomato Sauce, Cheese"], ["created_at", "2023-03-18 09:59:20.149716"], ["updated_at", "2023-03-18 09:59:20.149716"]]
  [1m[36mTRANSACTION (3.3ms)[0m  [1m[36mcommit transaction[0m
  [1m[36mTRANSACTION (0.0ms)[0m  [1m[36mbegin transaction[0m
  [1m[36mPizza Create (0.2ms)[0m  [1m[32mINSERT INTO "pizzas" ("name", "ingredients", "created_at", "updated_at") VALUES (?, ?, ?, ?)[0m  [["name", "Pepperoni"], ["ingredients", "Dough, Tomato Sauce, Cheese, Pepperoni"], ["created_at", "2023-03-18 09:59:20.157099"], ["updated_at", "2023-03-18 09:59:20.157099"]]
  [1m[36mTRANSACTION (3.3ms)[0m  [1m[36mcommit transaction[0m
  [1m[36mTRANSACTION (0.1ms)[0m  [1m[36mbegin transaction[0m
  [1m[36mRestaurant Load (0.1ms)[0m  [1m[34mSELECT "restaurants".* FROM "restaurants" WHERE "restaurants"."id" = ? LIMIT ?[0m  [["id", 2], ["LIMIT", 1]]
  [1m[36mPizza Load (0.1ms)[0m  [1m[34mSELECT "pizzas".* FROM "pizzas" WHERE "pizzas"."id" = ? LIMIT ?[0m  [["id", 2], ["LIMIT", 1]]
  [1m[36mRestaurantPiza Create (0.3ms)[0m  [1m[32mINSERT INTO "restaurant_pizas" ("price", "restaurant_id", "pizza_id", "created_at", "updated_at") VALUES (?, ?, ?, ?, ?)[0m  [["price", 10.0], ["restaurant_id", 2], ["pizza_id", 2], ["created_at", "2023-03-18 09:59:20.190154"], ["updated_at", "2023-03-18 09:59:20.190154"]]
  [1m[36mTRANSACTION (3.4ms)[0m  [1m[36mcommit transaction[0m
  [1m[36mTRANSACTION (0.1ms)[0m  [1m[36mbegin transaction[0m
  [1m[36mRestaurant Load (0.1ms)[0m  [1m[34mSELECT "restaurants".* FROM "restaurants" WHERE "restaurants"."id" = ? LIMIT ?[0m  [["id", 2], ["LIMIT", 1]]
  [1m[36mPizza Load (0.1ms)[0m  [1m[34mSELECT "pizzas".* FROM "pizzas" WHERE "pizzas"."id" = ? LIMIT ?[0m  [["id", 3], ["LIMIT", 1]]
  [1m[36mRestaurantPiza Create (0.2ms)[0m  [1m[32mINSERT INTO "restaurant_pizas" ("price", "restaurant_id", "pizza_id", "created_at", "updated_at") VALUES (?, ?, ?, ?, ?)[0m  [["price", 5.0], ["restaurant_id", 2], ["pizza_id", 3], ["created_at", "2023-03-18 09:59:20.200631"], ["updated_at", "2023-03-18 09:59:20.200631"]]
  [1m[36mTRANSACTION (3.4ms)[0m  [1m[36mcommit transaction[0m
  [1m[36mTRANSACTION (0.1ms)[0m  [1m[36mbegin transaction[0m
  [1m[36mRestaurant Load (0.1ms)[0m  [1m[34mSELECT "restaurants".* FROM "restaurants" WHERE "restaurants"."id" = ? LIMIT ?[0m  [["id", 4], ["LIMIT", 1]]
  [1m[36mPizza Load (0.1ms)[0m  [1m[34mSELECT "pizzas".* FROM "pizzas" WHERE "pizzas"."id" = ? LIMIT ?[0m  [["id", 2], ["LIMIT", 1]]
  [1m[36mRestaurantPiza Create (0.3ms)[0m  [1m[32mINSERT INTO "restaurant_pizas" ("price", "restaurant_id", "pizza_id", "created_at", "updated_at") VALUES (?, ?, ?, ?, ?)[0m  [["price", 3.0], ["restaurant_id", 4], ["pizza_id", 2], ["created_at", "2023-03-18 09:59:20.210960"], ["updated_at", "2023-03-18 09:59:20.210960"]]
  [1m[36mTRANSACTION (3.4ms)[0m  [1m[36mcommit transaction[0m
Started GET "/restaurantpizzas" for ::1 at 2023-03-18 13:00:15 +0300
  [1m[36mActiveRecord::SchemaMigration Pluck (0.1ms)[0m  [1m[34mSELECT "schema_migrations"."version" FROM "schema_migrations" ORDER BY "schema_migrations"."version" ASC[0m
  
ActionController::RoutingError (No route matches [GET] "/restaurantpizzas"):
  
Started GET "/restaurantpizzas" for ::1 at 2023-03-18 13:01:58 +0300
Processing by PizzasController#index as */*
  Parameters: {"title"=>"Training the Dog", "pizza"=>{}}
Completed 500 Internal Server Error in 23ms (ActiveRecord: 1.1ms | Allocations: 20749)


  
ArgumentError (Unrecognized status code :success):
  
app/controllers/pizzas_controller.rb:4:in `index'
Started GET "/restaurantpizzas" for ::1 at 2023-03-18 13:08:27 +0300
  [1m[36mActiveRecord::SchemaMigration Pluck (0.2ms)[0m  [1m[34mSELECT "schema_migrations"."version" FROM "schema_migrations" ORDER BY "schema_migrations"."version" ASC[0m
Processing by PizzasController#index as */*
  Parameters: {"title"=>"Training the Dog", "pizza"=>{}}
Completed 500 Internal Server Error in 33ms (ActiveRecord: 0.6ms | Allocations: 20744)


  
ArgumentError (Unrecognized status code :success):
  
app/controllers/pizzas_controller.rb:4:in `index'
Started GET "/restaurantpizzas" for ::1 at 2023-03-18 13:08:30 +0300
Processing by PizzasController#index as */*
  Parameters: {"title"=>"Training the Dog", "pizza"=>{}}
Completed 500 Internal Server Error in 1ms (ActiveRecord: 0.0ms | Allocations: 137)


  
ArgumentError (Unrecognized status code :success):
  
app/controllers/pizzas_controller.rb:4:in `index'
Started GET "/restaurantpizzas" for ::1 at 2023-03-18 13:09:24 +0300
Processing by PizzasController#index as */*
  Parameters: {"title"=>"Training the Dog", "pizza"=>{}}
  [1m[36mPizza Load (0.2ms)[0m  [1m[34mSELECT "pizzas".* FROM "pizzas"[0m
  ↳ app/controllers/pizzas_controller.rb:4:in `index'
Completed 200 OK in 50ms (Views: 48.4ms | ActiveRecord: 1.2ms | Allocations: 17040)


Started GET "/restaurantpizzas" for ::1 at 2023-03-18 13:10:59 +0300
  
ActionController::RoutingError (uninitialized constant RestaurantpizzasController
Did you mean?  RestaurantPizasController
               RestaurantsController):
  
Started GET "/restaurantpizzas" for ::1 at 2023-03-18 13:12:08 +0300
  
ActionController::RoutingError (uninitialized constant RestaurantpizasController
Did you mean?  RestaurantPizasController
               RestaurantsController):
  
Started GET "/restaurantpizzas" for ::1 at 2023-03-18 13:12:11 +0300
  
ActionController::RoutingError (uninitialized constant RestaurantpizasController
Did you mean?  RestaurantPizasController
               RestaurantsController):
  
Started GET "/restaurantpizzas" for ::1 at 2023-03-18 13:12:31 +0300
  [1m[36mActiveRecord::SchemaMigration Pluck (0.1ms)[0m  [1m[34mSELECT "schema_migrations"."version" FROM "schema_migrations" ORDER BY "schema_migrations"."version" ASC[0m
  
ActionController::RoutingError (uninitialized constant RestaurantpizasController
Did you mean?  RestaurantPizasController
               RestaurantsController):
  
Started GET "/restaurantpizzas" for ::1 at 2023-03-18 13:13:11 +0300
  
ActionController::RoutingError (No route matches [GET] "/restaurantpizzas"):
  
Started GET "/restaurantpizzas" for ::1 at 2023-03-18 13:13:50 +0300
  
ActionController::RoutingError (No route matches [GET] "/restaurantpizzas"):
  
Started GET "/restaurantpizas" for ::1 at 2023-03-18 13:14:06 +0300
  
ActionController::RoutingError (uninitialized constant RestaurantpizasController
Did you mean?  RestaurantPizasController
               RestaurantsController):
  
Started GET "/restaurantpizas" for ::1 at 2023-03-18 13:14:37 +0300
  
ActionController::RoutingError (uninitialized constant RestaurantpizasController
Did you mean?  RestaurantPizasController
               RestaurantsController):
  
Started GET "/pizzas" for ::1 at 2023-03-18 13:18:35 +0300
Processing by PizzasController#index as */*
  Parameters: {"title"=>"Training the Dog", "pizza"=>{}}
  [1m[36mPizza Load (0.2ms)[0m  [1m[34mSELECT "pizzas".* FROM "pizzas"[0m
  ↳ app/controllers/pizzas_controller.rb:4:in `index'
Completed 200 OK in 78ms (Views: 31.2ms | ActiveRecord: 1.0ms | Allocations: 37614)


Started GET "/restaurants" for ::1 at 2023-03-18 13:18:43 +0300
Processing by RestaurantsController#index as */*
  Parameters: {"title"=>"Training the Dog", "restaurant"=>{}}
  [1m[36mRestaurant Load (0.4ms)[0m  [1m[34mSELECT "restaurants".* FROM "restaurants"[0m
  ↳ app/controllers/restaurants_controller.rb:6:in `index'
Completed 200 OK in 19ms (Views: 18.2ms | ActiveRecord: 1.1ms | Allocations: 17286)


Started GET "/restaurantpizas" for ::1 at 2023-03-18 13:19:25 +0300
  
ActionController::RoutingError (uninitialized constant RestaurantpizasController
Did you mean?  RestaurantPizasController
               RestaurantsController):
  
Started GET "/restaurantpizas" for ::1 at 2023-03-18 13:23:31 +0300
Processing by RestaurantPizasController#index as */*
  Parameters: {"title"=>"Training the Dog", "restaurant_piza"=>{}}
  [1m[36mRestaurantPiza Load (0.2ms)[0m  [1m[34mSELECT "restaurant_pizas".* FROM "restaurant_pizas"[0m
  ↳ app/controllers/restaurant_pizas_controller.rb:5:in `index'
Completed 200 OK in 18ms (Views: 17.4ms | ActiveRecord: 3.6ms | Allocations: 15032)


Started POST "/restaurantpizas" for ::1 at 2023-03-18 13:37:56 +0300
Processing by RestaurantPizasController#create as */*
  Parameters: {"price"=>3.0, "restaurant_id"=>6, "pizza_id"=>4, "restaurant_piza"=>{"price"=>3.0, "restaurant_id"=>6, "pizza_id"=>4}}
Completed 500 Internal Server Error in 8ms (ActiveRecord: 1.1ms | Allocations: 3929)


  
ActiveModel::UnknownAttributeError (unknown attribute 'price' for Restaurant.):
  
app/controllers/restaurant_pizas_controller.rb:9:in `create'
Started POST "/restaurant_pizas" for ::1 at 2023-03-18 13:38:06 +0300
  
ActionController::RoutingError (No route matches [POST] "/restaurant_pizas"):
  
Started GET "/restaurant_pizas" for ::1 at 2023-03-18 13:39:39 +0300
  
ActionController::RoutingError (No route matches [GET] "/restaurant_pizas"):
  
Started GET "/restaurant_pizas" for ::1 at 2023-03-18 13:39:41 +0300
  
ActionController::RoutingError (No route matches [GET] "/restaurant_pizas"):
  
Started GET "/restaurants" for ::1 at 2023-03-18 13:41:17 +0300
Processing by RestaurantsController#index as */*
  Parameters: {"price"=>3.0, "restaurant_id"=>6, "pizza_id"=>4, "restaurant"=>{}}
  [1m[36mRestaurant Load (0.2ms)[0m  [1m[34mSELECT "restaurants".* FROM "restaurants"[0m
  ↳ app/controllers/restaurants_controller.rb:6:in `index'
Completed 200 OK in 4ms (Views: 3.6ms | ActiveRecord: 0.2ms | Allocations: 4079)


Started GET "/restaurant_pizas" for ::1 at 2023-03-18 13:44:05 +0300
Processing by RestaurantPizasController#index as */*
  Parameters: {"price"=>3.0, "restaurant_id"=>6, "pizza_id"=>4, "restaurant_piza"=>{"price"=>3.0, "restaurant_id"=>6, "pizza_id"=>4}}
  [1m[36mRestaurantPiza Load (0.2ms)[0m  [1m[34mSELECT "restaurant_pizas".* FROM "restaurant_pizas"[0m
  ↳ app/controllers/restaurant_pizas_controller.rb:5:in `index'
Completed 200 OK in 6ms (Views: 4.6ms | ActiveRecord: 1.7ms | Allocations: 2290)


Started POST "/restaurant_pizas" for ::1 at 2023-03-18 13:45:08 +0300
Processing by RestaurantPizasController#create as */*
  Parameters: {"price"=>20.0, "restaurant_id"=>6, "pizza_id"=>4, "restaurant_piza"=>{"price"=>20.0, "restaurant_id"=>6, "pizza_id"=>4}}
Completed 500 Internal Server Error in 7ms (ActiveRecord: 0.5ms | Allocations: 3904)


  
ActiveModel::UnknownAttributeError (unknown attribute 'price' for Restaurant.):
  
app/controllers/restaurant_pizas_controller.rb:9:in `create'
Started POST "/restaurant_pizas" for ::1 at 2023-03-18 13:46:13 +0300
Processing by RestaurantPizasController#create as */*
  Parameters: {"price"=>20.0, "restaurant_id"=>6, "pizza_id"=>4, "restaurant_piza"=>{"price"=>20.0, "restaurant_id"=>6, "pizza_id"=>4}}
Completed 201 Created in 24ms (Views: 0.4ms | ActiveRecord: 1.0ms | Allocations: 8335)


Started GET "/restaurant_pizas" for ::1 at 2023-03-18 13:46:27 +0300
Processing by RestaurantPizasController#index as */*
  Parameters: {"price"=>20.0, "restaurant_id"=>6, "pizza_id"=>4, "restaurant_piza"=>{"price"=>20.0, "restaurant_id"=>6, "pizza_id"=>4}}
  [1m[36mRestaurantPiza Load (0.2ms)[0m  [1m[34mSELECT "restaurant_pizas".* FROM "restaurant_pizas"[0m
  ↳ app/controllers/restaurant_pizas_controller.rb:5:in `index'
Completed 200 OK in 2ms (Views: 1.9ms | ActiveRecord: 0.2ms | Allocations: 976)


Started POST "/restaurant_pizas" for ::1 at 2023-03-18 13:47:02 +0300
Processing by RestaurantPizasController#create as */*
  Parameters: {"price"=>8.0, "restaurant_id"=>2, "pizza_id"=>3, "restaurant_piza"=>{"price"=>8.0, "restaurant_id"=>2, "pizza_id"=>3}}
Completed 201 Created in 1ms (Views: 0.2ms | ActiveRecord: 0.0ms | Allocations: 320)


Started POST "/restaurant_pizas" for ::1 at 2023-03-18 13:50:02 +0300
Processing by RestaurantPizasController#create as */*
  Parameters: {"price"=>10.0, "restaurant_id"=>4, "pizza_id"=>4, "restaurant_piza"=>{"price"=>10.0, "restaurant_id"=>4, "pizza_id"=>4}}
Completed 500 Internal Server Error in 6ms (ActiveRecord: 0.7ms | Allocations: 1703)


  
NameError (uninitialized constant RestaurantPizasController::RestaurantPizza):
  
app/controllers/restaurant_pizas_controller.rb:9:in `create'
Started POST "/restaurant_pizas" for ::1 at 2023-03-18 13:51:03 +0300
Processing by RestaurantPizasController#create as */*
  Parameters: {"price"=>10.0, "restaurant_id"=>4, "pizza_id"=>4, "restaurant_piza"=>{"price"=>10.0, "restaurant_id"=>4, "pizza_id"=>4}}
[31mUnpermitted parameter: :restaurant_piza. Context: { controller: RestaurantPizasController, action: create, request: #<ActionDispatch::Request:0x00007f70d0d43440>, params: {"price"=>10.0, "restaurant_id"=>4, "pizza_id"=>4, "controller"=>"restaurant_pizas", "action"=>"create", "restaurant_piza"=>{"price"=>10.0, "restaurant_id"=>4, "pizza_id"=>4}} }[0m
  [1m[36mTRANSACTION (0.1ms)[0m  [1m[36mbegin transaction[0m
  ↳ app/controllers/restaurant_pizas_controller.rb:9:in `create'
  [1m[36mRestaurant Load (0.2ms)[0m  [1m[34mSELECT "restaurants".* FROM "restaurants" WHERE "restaurants"."id" = ? LIMIT ?[0m  [["id", 4], ["LIMIT", 1]]
  ↳ app/controllers/restaurant_pizas_controller.rb:9:in `create'
  [1m[36mPizza Load (0.1ms)[0m  [1m[34mSELECT "pizzas".* FROM "pizzas" WHERE "pizzas"."id" = ? LIMIT ?[0m  [["id", 4], ["LIMIT", 1]]
  ↳ app/controllers/restaurant_pizas_controller.rb:9:in `create'
  [1m[36mRestaurantPiza Create (0.3ms)[0m  [1m[32mINSERT INTO "restaurant_pizas" ("price", "restaurant_id", "pizza_id", "created_at", "updated_at") VALUES (?, ?, ?, ?, ?)[0m  [["price", 10.0], ["restaurant_id", 4], ["pizza_id", 4], ["created_at", "2023-03-18 10:51:03.663349"], ["updated_at", "2023-03-18 10:51:03.663349"]]
  ↳ app/controllers/restaurant_pizas_controller.rb:9:in `create'
  [1m[36mTRANSACTION (4.6ms)[0m  [1m[36mcommit transaction[0m
  ↳ app/controllers/restaurant_pizas_controller.rb:9:in `create'
Completed 201 Created in 41ms (Views: 0.2ms | ActiveRecord: 7.2ms | Allocations: 14634)


Started GET "/restaurant_pizas" for ::1 at 2023-03-18 13:51:13 +0300
Processing by RestaurantPizasController#index as */*
  Parameters: {"price"=>10.0, "restaurant_id"=>4, "pizza_id"=>4, "restaurant_piza"=>{"price"=>10.0, "restaurant_id"=>4, "pizza_id"=>4}}
  [1m[36mRestaurantPiza Load (0.2ms)[0m  [1m[34mSELECT "restaurant_pizas".* FROM "restaurant_pizas"[0m
  ↳ app/controllers/restaurant_pizas_controller.rb:5:in `index'
Completed 200 OK in 2ms (Views: 1.8ms | ActiveRecord: 0.2ms | Allocations: 1080)


Started GET "/restaurant_pizas" for ::1 at 2023-03-18 13:51:46 +0300
Processing by RestaurantPizasController#index as */*
  Parameters: {"price"=>30.0, "restaurant_id"=>6, "pizza_id"=>2, "restaurant_piza"=>{"price"=>30.0, "restaurant_id"=>6, "pizza_id"=>2}}
  [1m[36mRestaurantPiza Load (0.1ms)[0m  [1m[34mSELECT "restaurant_pizas".* FROM "restaurant_pizas"[0m
  ↳ app/controllers/restaurant_pizas_controller.rb:5:in `index'
Completed 200 OK in 2ms (Views: 1.8ms | ActiveRecord: 0.1ms | Allocations: 1018)


Started POST "/restaurant_pizas" for ::1 at 2023-03-18 13:51:56 +0300
Processing by RestaurantPizasController#create as */*
  Parameters: {"price"=>30.0, "restaurant_id"=>6, "pizza_id"=>2, "restaurant_piza"=>{"price"=>30.0, "restaurant_id"=>6, "pizza_id"=>2}}
[31mUnpermitted parameter: :restaurant_piza. Context: { controller: RestaurantPizasController, action: create, request: #<ActionDispatch::Request:0x00007f70d0f53b18>, params: {"price"=>30.0, "restaurant_id"=>6, "pizza_id"=>2, "controller"=>"restaurant_pizas", "action"=>"create", "restaurant_piza"=>{"price"=>30.0, "restaurant_id"=>6, "pizza_id"=>2}} }[0m
  [1m[36mTRANSACTION (0.1ms)[0m  [1m[36mbegin transaction[0m
  ↳ app/controllers/restaurant_pizas_controller.rb:9:in `create'
  [1m[36mRestaurant Load (0.1ms)[0m  [1m[34mSELECT "restaurants".* FROM "restaurants" WHERE "restaurants"."id" = ? LIMIT ?[0m  [["id", 6], ["LIMIT", 1]]
  ↳ app/controllers/restaurant_pizas_controller.rb:9:in `create'
  [1m[36mPizza Load (0.1ms)[0m  [1m[34mSELECT "pizzas".* FROM "pizzas" WHERE "pizzas"."id" = ? LIMIT ?[0m  [["id", 2], ["LIMIT", 1]]
  ↳ app/controllers/restaurant_pizas_controller.rb:9:in `create'
  [1m[36mRestaurantPiza Create (0.6ms)[0m  [1m[32mINSERT INTO "restaurant_pizas" ("price", "restaurant_id", "pizza_id", "created_at", "updated_at") VALUES (?, ?, ?, ?, ?)[0m  [["price", 30.0], ["restaurant_id", 6], ["pizza_id", 2], ["created_at", "2023-03-18 10:51:56.985852"], ["updated_at", "2023-03-18 10:51:56.985852"]]
  ↳ app/controllers/restaurant_pizas_controller.rb:9:in `create'
  [1m[36mTRANSACTION (9.7ms)[0m  [1m[36mcommit transaction[0m
  ↳ app/controllers/restaurant_pizas_controller.rb:9:in `create'
Completed 201 Created in 19ms (Views: 0.2ms | ActiveRecord: 10.6ms | Allocations: 3560)


Started GET "/restaurant_pizas" for ::1 at 2023-03-18 13:52:05 +0300
Processing by RestaurantPizasController#index as */*
  Parameters: {"price"=>30.0, "restaurant_id"=>6, "pizza_id"=>2, "restaurant_piza"=>{"price"=>30.0, "restaurant_id"=>6, "pizza_id"=>2}}
  [1m[36mRestaurantPiza Load (0.1ms)[0m  [1m[34mSELECT "restaurant_pizas".* FROM "restaurant_pizas"[0m
  ↳ app/controllers/restaurant_pizas_controller.rb:5:in `index'
Completed 200 OK in 2ms (Views: 1.7ms | ActiveRecord: 0.1ms | Allocations: 1122)


Started POST "/restaurant_pizas" for ::1 at 2023-03-18 13:52:31 +0300
Processing by RestaurantPizasController#create as */*
  Parameters: {"price"=>40.0, "restaurant_id"=>6, "pizza_id"=>2, "restaurant_piza"=>{"price"=>40.0, "restaurant_id"=>6, "pizza_id"=>2}}
[31mUnpermitted parameter: :restaurant_piza. Context: { controller: RestaurantPizasController, action: create, request: #<ActionDispatch::Request:0x00007f70dc5a3d50>, params: {"price"=>40.0, "restaurant_id"=>6, "pizza_id"=>2, "controller"=>"restaurant_pizas", "action"=>"create", "restaurant_piza"=>{"price"=>40.0, "restaurant_id"=>6, "pizza_id"=>2}} }[0m
  [1m[36mTRANSACTION (0.1ms)[0m  [1m[36mbegin transaction[0m
  ↳ app/controllers/restaurant_pizas_controller.rb:9:in `create'
  [1m[36mRestaurant Load (0.1ms)[0m  [1m[34mSELECT "restaurants".* FROM "restaurants" WHERE "restaurants"."id" = ? LIMIT ?[0m  [["id", 6], ["LIMIT", 1]]
  ↳ app/controllers/restaurant_pizas_controller.rb:9:in `create'
  [1m[36mPizza Load (0.1ms)[0m  [1m[34mSELECT "pizzas".* FROM "pizzas" WHERE "pizzas"."id" = ? LIMIT ?[0m  [["id", 2], ["LIMIT", 1]]
  ↳ app/controllers/restaurant_pizas_controller.rb:9:in `create'
  [1m[36mTRANSACTION (0.1ms)[0m  [1m[31mrollback transaction[0m
  ↳ app/controllers/restaurant_pizas_controller.rb:9:in `create'
Completed 422 Unprocessable Entity in 23ms (Views: 0.2ms | ActiveRecord: 0.4ms | Allocations: 5485)


Started GET "/restaurant_pizas" for ::1 at 2023-03-18 13:52:39 +0300
Processing by RestaurantPizasController#index as */*
  Parameters: {"price"=>40.0, "restaurant_id"=>6, "pizza_id"=>2, "restaurant_piza"=>{"price"=>40.0, "restaurant_id"=>6, "pizza_id"=>2}}
  [1m[36mRestaurantPiza Load (0.1ms)[0m  [1m[34mSELECT "restaurant_pizas".* FROM "restaurant_pizas"[0m
  ↳ app/controllers/restaurant_pizas_controller.rb:5:in `index'
Completed 200 OK in 3ms (Views: 2.8ms | ActiveRecord: 0.1ms | Allocations: 1122)


Started GET "/restaurants" for ::1 at 2023-03-18 13:54:11 +0300
Processing by RestaurantsController#index as */*
  Parameters: {"price"=>40.0, "restaurant_id"=>6, "pizza_id"=>2, "restaurant"=>{}}
  [1m[36mRestaurant Load (0.3ms)[0m  [1m[34mSELECT "restaurants".* FROM "restaurants"[0m
  ↳ app/controllers/restaurants_controller.rb:6:in `index'
Completed 200 OK in 11ms (Views: 10.0ms | ActiveRecord: 1.2ms | Allocations: 5159)


Started GET "/restaurants/33" for ::1 at 2023-03-18 13:54:22 +0300
Processing by RestaurantsController#show as */*
  Parameters: {"price"=>40.0, "restaurant_id"=>6, "pizza_id"=>2, "id"=>"33", "restaurant"=>{}}
  [1m[36mRestaurant Load (0.2ms)[0m  [1m[34mSELECT "restaurants".* FROM "restaurants" WHERE "restaurants"."id" = ? LIMIT ?[0m  [["id", 33], ["LIMIT", 1]]
  ↳ app/controllers/restaurants_controller.rb:12:in `show'
Completed 500 Internal Server Error in 10ms (ActiveRecord: 0.2ms | Allocations: 2383)


  
NameError (undefined local variable or method `restaurant_pizza' for #<RestaurantsController:0x0000000000a370>
Did you mean?  restaurant_pizas_url):
  
app/controllers/restaurants_controller.rb:16:in `show'
Started GET "/restaurants/33" for ::1 at 2023-03-18 13:54:48 +0300
Processing by RestaurantsController#show as */*
  Parameters: {"price"=>40.0, "restaurant_id"=>6, "pizza_id"=>2, "id"=>"33", "restaurant"=>{}}
  [1m[36mRestaurant Load (0.2ms)[0m  [1m[34mSELECT "restaurants".* FROM "restaurants" WHERE "restaurants"."id" = ? LIMIT ?[0m  [["id", 33], ["LIMIT", 1]]
  ↳ app/controllers/restaurants_controller.rb:12:in `show'
Completed 404 Not Found in 2ms (Views: 0.3ms | ActiveRecord: 0.9ms | Allocations: 662)


Started GET "/restaurants" for ::1 at 2023-03-18 13:55:16 +0300
Processing by RestaurantsController#index as */*
  Parameters: {"price"=>40.0, "restaurant_id"=>6, "pizza_id"=>2, "restaurant"=>{}}
  [1m[36mRestaurant Load (0.3ms)[0m  [1m[34mSELECT "restaurants".* FROM "restaurants"[0m
  ↳ app/controllers/restaurants_controller.rb:6:in `index'
Completed 200 OK in 8ms (Views: 7.2ms | ActiveRecord: 0.5ms | Allocations: 5139)


Started GET "/pizzas" for ::1 at 2023-03-18 13:55:27 +0300
Processing by PizzasController#index as */*
  Parameters: {"price"=>40.0, "restaurant_id"=>6, "pizza_id"=>2, "pizza"=>{}}
  [1m[36mPizza Load (0.2ms)[0m  [1m[34mSELECT "pizzas".* FROM "pizzas"[0m
  ↳ app/controllers/pizzas_controller.rb:4:in `index'
Completed 200 OK in 8ms (Views: 6.9ms | ActiveRecord: 0.8ms | Allocations: 3298)


Started GET "/restaurant_pizas" for ::1 at 2023-03-18 13:55:47 +0300
Processing by RestaurantPizasController#index as */*
  Parameters: {"price"=>40.0, "restaurant_id"=>6, "pizza_id"=>2, "restaurant_piza"=>{"price"=>40.0, "restaurant_id"=>6, "pizza_id"=>2}}
  [1m[36mRestaurantPiza Load (0.2ms)[0m  [1m[34mSELECT "restaurant_pizas".* FROM "restaurant_pizas"[0m
  ↳ app/controllers/restaurant_pizas_controller.rb:5:in `index'
Completed 200 OK in 7ms (Views: 6.0ms | ActiveRecord: 1.0ms | Allocations: 2487)


Started GET "/restaurant_pizzas" for ::1 at 2023-03-18 13:56:16 +0300
Processing by RestaurantPizasController#index as */*
  Parameters: {"price"=>40.0, "restaurant_id"=>6, "pizza_id"=>2, "restaurant_piza"=>{"price"=>40.0, "restaurant_id"=>6, "pizza_id"=>2}}
  [1m[36mRestaurantPiza Load (0.3ms)[0m  [1m[34mSELECT "restaurant_pizas".* FROM "restaurant_pizas"[0m
  ↳ app/controllers/restaurant_pizas_controller.rb:5:in `index'
Completed 200 OK in 7ms (Views: 6.1ms | ActiveRecord: 2.1ms | Allocations: 2496)


Started GET "/restaurant_pizas" for ::1 at 2023-03-18 13:56:27 +0300
  
ActionController::RoutingError (No route matches [GET] "/restaurant_pizas"):
  
Started GET "/restaurant_pizzas" for ::1 at 2023-03-18 13:56:34 +0300
Processing by RestaurantPizasController#index as */*
  Parameters: {"price"=>40.0, "restaurant_id"=>6, "pizza_id"=>2, "restaurant_piza"=>{"price"=>40.0, "restaurant_id"=>6, "pizza_id"=>2}}
  [1m[36mRestaurantPiza Load (0.1ms)[0m  [1m[34mSELECT "restaurant_pizas".* FROM "restaurant_pizas"[0m
  ↳ app/controllers/restaurant_pizas_controller.rb:5:in `index'
Completed 200 OK in 5ms (Views: 4.4ms | ActiveRecord: 0.1ms | Allocations: 1119)


Started GET "/pizzas" for 127.0.0.1 at 2023-03-18 13:57:40 +0300
Processing by PizzasController#index as HTML
  [1m[36mPizza Load (0.3ms)[0m  [1m[34mSELECT "pizzas".* FROM "pizzas"[0m
  ↳ app/controllers/pizzas_controller.rb:4:in `index'
Completed 200 OK in 16ms (Views: 8.3ms | ActiveRecord: 1.0ms | Allocations: 5945)


Started GET "/restaurant_pizzas" for 127.0.0.1 at 2023-03-18 13:58:07 +0300
Processing by RestaurantPizasController#index as HTML
  [1m[36mRestaurantPiza Load (0.2ms)[0m  [1m[34mSELECT "restaurant_pizas".* FROM "restaurant_pizas"[0m
  ↳ app/controllers/restaurant_pizas_controller.rb:5:in `index'
Completed 200 OK in 4ms (Views: 3.6ms | ActiveRecord: 0.2ms | Allocations: 1116)


Started GET "/restaurants" for ::1 at 2023-03-18 13:59:20 +0300
  
SyntaxError (/home/rawllings/Development/code/phase4/pizza-restaurant/restaurant-app/app/controllers/restaurants_controller.rb:5: syntax error, unexpected tLABEL
...ants = Restaurant.all, include: [:restaurant_pizas]
...                       ^~~~~~~~
):
  
app/controllers/restaurants_controller.rb:5: syntax error, unexpected tLABEL
app/controllers/restaurants_controller.rb:5: syntax error, unexpected tLABEL
Started GET "/restaurants" for ::1 at 2023-03-18 14:00:01 +0300
  
SyntaxError (/home/rawllings/Development/code/phase4/pizza-restaurant/restaurant-app/app/controllers/restaurants_controller.rb:6: syntax error, unexpected local variable or method, expecting `end'
...ude: [:restaurant_pizas] status: :ok
...                         ^~~~~~
):
  
app/controllers/restaurants_controller.rb:6: syntax error, unexpected local variable or method, expecting `end'
app/controllers/restaurants_controller.rb:6: syntax error, unexpected local variable or method, expecting `end'
Started GET "/restaurants" for ::1 at 2023-03-18 14:00:28 +0300
  
SyntaxError (/home/rawllings/Development/code/phase4/pizza-restaurant/restaurant-app/app/controllers/restaurants_controller.rb:6: syntax error, unexpected local variable or method, expecting `end'
...ude: [:restaurant_pizza] status: :ok
...                         ^~~~~~
):
  
app/controllers/restaurants_controller.rb:6: syntax error, unexpected local variable or method, expecting `end'
app/controllers/restaurants_controller.rb:6: syntax error, unexpected local variable or method, expecting `end'
Started GET "/restaurants" for ::1 at 2023-03-18 14:01:22 +0300
  
SyntaxError (/home/rawllings/Development/code/phase4/pizza-restaurant/restaurant-app/app/controllers/restaurants_controller.rb:6: syntax error, unexpected local variable or method, expecting `end'
...ude: [:restaurant_pizas] status: :ok
...                         ^~~~~~
):
  
app/controllers/restaurants_controller.rb:6: syntax error, unexpected local variable or method, expecting `end'
app/controllers/restaurants_controller.rb:6: syntax error, unexpected local variable or method, expecting `end'
Started GET "/restaurants" for ::1 at 2023-03-18 14:01:50 +0300
Processing by RestaurantsController#index as */*
  Parameters: {"price"=>40.0, "restaurant_id"=>6, "pizza_id"=>2, "restaurant"=>{}}
  [1m[36mRestaurant Load (0.3ms)[0m  [1m[34mSELECT "restaurants".* FROM "restaurants"[0m
  ↳ app/controllers/restaurants_controller.rb:6:in `index'
Completed 500 Internal Server Error in 18ms (ActiveRecord: 1.1ms | Allocations: 5084)


  
NoMethodError (undefined method `restaurant_pizas' for #<Restaurant:0x00007f70dd03bcb8>
Did you mean?  RestaurantPizzas
               RestaurantPizzas=):
  
app/controllers/restaurants_controller.rb:6:in `index'
Started GET "/restaurants" for ::1 at 2023-03-18 14:02:17 +0300
Processing by RestaurantsController#index as */*
  Parameters: {"price"=>40.0, "restaurant_id"=>6, "pizza_id"=>2, "restaurant"=>{}}
  [1m[36mRestaurant Load (0.2ms)[0m  [1m[34mSELECT "restaurants".* FROM "restaurants"[0m
  ↳ app/controllers/restaurants_controller.rb:6:in `index'
Completed 500 Internal Server Error in 16ms (ActiveRecord: 1.4ms | Allocations: 5074)


  
NoMethodError (undefined method `restaurant_pizas' for #<Restaurant:0x00007f70dcf6f9d8>
Did you mean?  RestaurantPizzas
               RestaurantPizzas=):
  
app/controllers/restaurants_controller.rb:6:in `index'
Started GET "/restaurants" for ::1 at 2023-03-18 14:05:18 +0300
  
SyntaxError (/home/rawllings/Development/code/phase4/pizza-restaurant/restaurant-app/app/controllers/restaurants_controller.rb:14: syntax error, unexpected local variable or method, expecting `end'
...lude: :restaurant_pizzas status: :ok
...                         ^~~~~~
):
  
app/controllers/restaurants_controller.rb:14: syntax error, unexpected local variable or method, expecting `end'
app/controllers/restaurants_controller.rb:14: syntax error, unexpected local variable or method, expecting `end'
Started GET "/restaurants" for ::1 at 2023-03-18 14:05:20 +0300
  
SyntaxError (/home/rawllings/Development/code/phase4/pizza-restaurant/restaurant-app/app/controllers/restaurants_controller.rb:14: syntax error, unexpected local variable or method, expecting `end'
...lude: :restaurant_pizzas status: :ok
...                         ^~~~~~
):
  
app/controllers/restaurants_controller.rb:14: syntax error, unexpected local variable or method, expecting `end'
app/controllers/restaurants_controller.rb:14: syntax error, unexpected local variable or method, expecting `end'
Started GET "/restaurants" for ::1 at 2023-03-18 14:05:36 +0300
Processing by RestaurantsController#index as */*
  Parameters: {"price"=>40.0, "restaurant_id"=>6, "pizza_id"=>2, "restaurant"=>{}}
  [1m[36mRestaurant Load (0.2ms)[0m  [1m[34mSELECT "restaurants".* FROM "restaurants"[0m
  ↳ app/controllers/restaurants_controller.rb:6:in `index'
Completed 200 OK in 9ms (Views: 8.4ms | ActiveRecord: 1.0ms | Allocations: 5178)


Started GET "/restaurants/2" for ::1 at 2023-03-18 14:05:47 +0300
Processing by RestaurantsController#show as */*
  Parameters: {"price"=>40.0, "restaurant_id"=>6, "pizza_id"=>2, "id"=>"2", "restaurant"=>{}}
  [1m[36mRestaurant Load (0.2ms)[0m  [1m[34mSELECT "restaurants".* FROM "restaurants" WHERE "restaurants"."id" = ? LIMIT ?[0m  [["id", 2], ["LIMIT", 1]]
  ↳ app/controllers/restaurants_controller.rb:12:in `show'
Completed 500 Internal Server Error in 18ms (ActiveRecord: 0.2ms | Allocations: 3567)


  
NoMethodError (undefined method `restaurant_pizzas' for #<Restaurant:0x00007f70d8206840>
Did you mean?  RestaurantPizzas
               RestaurantPizzas=
               RestaurantPizza_ids
               RestaurantPizza_ids=):
  
app/controllers/restaurants_controller.rb:14:in `show'
Started GET "/restaurants/2" for ::1 at 2023-03-18 14:06:05 +0300
Processing by RestaurantsController#show as */*
  Parameters: {"price"=>40.0, "restaurant_id"=>6, "pizza_id"=>2, "id"=>"2", "restaurant"=>{}}
  [1m[36mRestaurant Load (0.2ms)[0m  [1m[34mSELECT "restaurants".* FROM "restaurants" WHERE "restaurants"."id" = ? LIMIT ?[0m  [["id", 2], ["LIMIT", 1]]
  ↳ app/controllers/restaurants_controller.rb:12:in `show'
Completed 500 Internal Server Error in 14ms (ActiveRecord: 0.9ms | Allocations: 4711)


  
NoMethodError (undefined method `restaurant_pizas' for #<Restaurant:0x00007f70c8644458>
Did you mean?  RestaurantPizzas
               RestaurantPizzas=):
  
app/controllers/restaurants_controller.rb:14:in `show'
Started GET "/restaurants/2" for ::1 at 2023-03-18 14:06:16 +0300
Processing by RestaurantsController#show as */*
  Parameters: {"price"=>40.0, "restaurant_id"=>6, "pizza_id"=>2, "id"=>"2", "restaurant"=>{}}
  [1m[36mRestaurant Load (0.2ms)[0m  [1m[34mSELECT "restaurants".* FROM "restaurants" WHERE "restaurants"."id" = ? LIMIT ?[0m  [["id", 2], ["LIMIT", 1]]
  ↳ app/controllers/restaurants_controller.rb:12:in `show'
Completed 500 Internal Server Error in 19ms (ActiveRecord: 1.1ms | Allocations: 4709)


  
NoMethodError (undefined method `restaurant_pizza' for #<Restaurant:0x00007f70c834add8>
Did you mean?  RestaurantPizzas
               RestaurantPizzas=):
  
app/controllers/restaurants_controller.rb:14:in `show'
Started GET "/restaurants/2" for ::1 at 2023-03-18 14:06:37 +0300
Processing by RestaurantsController#show as */*
  Parameters: {"price"=>40.0, "restaurant_id"=>6, "pizza_id"=>2, "id"=>"2", "restaurant"=>{}}
  [1m[36mRestaurant Load (0.2ms)[0m  [1m[34mSELECT "restaurants".* FROM "restaurants" WHERE "restaurants"."id" = ? LIMIT ?[0m  [["id", 2], ["LIMIT", 1]]
  ↳ app/controllers/restaurants_controller.rb:12:in `show'
Completed 500 Internal Server Error in 19ms (ActiveRecord: 0.9ms | Allocations: 4706)


  
NoMethodError (undefined method `restaurant_pizza_params' for #<Restaurant:0x00007f70d846ca58>
Did you mean?  RestaurantPizza_ids):
  
app/controllers/restaurants_controller.rb:14:in `show'
Started GET "/restaurants/2" for ::1 at 2023-03-18 14:06:52 +0300
Processing by RestaurantsController#show as */*
  Parameters: {"price"=>40.0, "restaurant_id"=>6, "pizza_id"=>2, "id"=>"2", "restaurant"=>{}}
  [1m[36mRestaurant Load (0.2ms)[0m  [1m[34mSELECT "restaurants".* FROM "restaurants" WHERE "restaurants"."id" = ? LIMIT ?[0m  [["id", 2], ["LIMIT", 1]]
  ↳ app/controllers/restaurants_controller.rb:12:in `show'
Completed 500 Internal Server Error in 22ms (ActiveRecord: 1.1ms | Allocations: 4707)


  
NoMethodError (undefined method `restaurant_pizza' for #<Restaurant:0x00007f70c8190a10>
Did you mean?  RestaurantPizzas
               RestaurantPizzas=):
  
app/controllers/restaurants_controller.rb:14:in `show'
Started GET "/restaurants/2" for ::1 at 2023-03-18 14:07:03 +0300
Processing by RestaurantsController#show as */*
  Parameters: {"price"=>40.0, "restaurant_id"=>6, "pizza_id"=>2, "id"=>"2", "restaurant"=>{}}
  [1m[36mRestaurant Load (0.2ms)[0m  [1m[34mSELECT "restaurants".* FROM "restaurants" WHERE "restaurants"."id" = ? LIMIT ?[0m  [["id", 2], ["LIMIT", 1]]
  ↳ app/controllers/restaurants_controller.rb:12:in `show'
Completed 500 Internal Server Error in 18ms (ActiveRecord: 0.9ms | Allocations: 4709)


  
NoMethodError (undefined method `restaurant_piza' for #<Restaurant:0x00007f70d090e690>
Did you mean?  RestaurantPizzas
               RestaurantPizzas=):
  
app/controllers/restaurants_controller.rb:14:in `show'
Started GET "/restaurants/2" for ::1 at 2023-03-18 14:14:20 +0300
Processing by RestaurantsController#show as */*
  Parameters: {"price"=>40.0, "restaurant_id"=>6, "pizza_id"=>2, "id"=>"2", "restaurant"=>{}}
  [1m[36mRestaurant Load (0.2ms)[0m  [1m[34mSELECT "restaurants".* FROM "restaurants" WHERE "restaurants"."id" = ? LIMIT ?[0m  [["id", 2], ["LIMIT", 1]]
  ↳ app/controllers/restaurants_controller.rb:12:in `show'
Completed 200 OK in 4ms (Views: 0.3ms | ActiveRecord: 0.5ms | Allocations: 1734)


Started GET "/restaurants" for ::1 at 2023-03-18 14:15:00 +0300
Processing by RestaurantsController#index as */*
  Parameters: {"price"=>40.0, "restaurant_id"=>6, "pizza_id"=>2, "restaurant"=>{}}
  [1m[36mRestaurant Load (0.3ms)[0m  [1m[34mSELECT "restaurants".* FROM "restaurants"[0m
  ↳ app/controllers/restaurants_controller.rb:6:in `index'
Completed 200 OK in 8ms (Views: 6.8ms | ActiveRecord: 1.1ms | Allocations: 5198)


Started GET "/restaurants/2" for ::1 at 2023-03-18 14:15:38 +0300
Processing by RestaurantsController#show as */*
  Parameters: {"price"=>40.0, "restaurant_id"=>6, "pizza_id"=>2, "id"=>"2", "restaurant"=>{}}
  [1m[36mRestaurant Load (0.2ms)[0m  [1m[34mSELECT "restaurants".* FROM "restaurants" WHERE "restaurants"."id" = ? LIMIT ?[0m  [["id", 2], ["LIMIT", 1]]
  ↳ app/controllers/restaurants_controller.rb:12:in `show'
Completed 200 OK in 5ms (Views: 0.5ms | ActiveRecord: 0.9ms | Allocations: 1859)


Started GET "/restaurants" for ::1 at 2023-03-18 14:15:48 +0300
Processing by RestaurantsController#index as */*
  Parameters: {"price"=>40.0, "restaurant_id"=>6, "pizza_id"=>2, "restaurant"=>{}}
  [1m[36mRestaurant Load (0.2ms)[0m  [1m[34mSELECT "restaurants".* FROM "restaurants"[0m
  ↳ app/controllers/restaurants_controller.rb:6:in `index'
Completed 200 OK in 7ms (Views: 6.1ms | ActiveRecord: 0.2ms | Allocations: 4014)


Started GET "/restaurants" for ::1 at 2023-03-18 14:16:52 +0300
Processing by RestaurantsController#index as */*
  Parameters: {"price"=>40.0, "restaurant_id"=>6, "pizza_id"=>2, "restaurant"=>{}}
  [1m[36mRestaurant Load (0.3ms)[0m  [1m[34mSELECT "restaurants".* FROM "restaurants"[0m
  ↳ app/controllers/restaurants_controller.rb:6:in `index'
Completed 200 OK in 11ms (Views: 10.2ms | ActiveRecord: 1.4ms | Allocations: 5159)


Started GET "/restaurants" for ::1 at 2023-03-18 14:27:14 +0300
Processing by RestaurantsController#index as */*
  Parameters: {"price"=>40.0, "restaurant_id"=>6, "pizza_id"=>2, "restaurant"=>{}}
  [1m[36mRestaurant Load (0.4ms)[0m  [1m[34mSELECT "restaurants".* FROM "restaurants"[0m
  ↳ app/controllers/restaurants_controller.rb:6:in `index'
Completed 200 OK in 9ms (Views: 8.2ms | ActiveRecord: 0.7ms | Allocations: 5036)


Started GET "/restaurant_pizzas" for ::1 at 2023-03-18 14:27:38 +0300
Processing by RestaurantPizasController#index as */*
  Parameters: {"price"=>40.0, "restaurant_id"=>6, "pizza_id"=>2, "restaurant_piza"=>{"price"=>40.0, "restaurant_id"=>6, "pizza_id"=>2}}
  [1m[36mRestaurantPiza Load (0.2ms)[0m  [1m[34mSELECT "restaurant_pizas".* FROM "restaurant_pizas"[0m
  ↳ app/controllers/restaurant_pizas_controller.rb:5:in `index'
Completed 200 OK in 7ms (Views: 5.6ms | ActiveRecord: 1.0ms | Allocations: 2488)


Started GET "/restaurants" for ::1 at 2023-03-18 14:28:50 +0300
Processing by RestaurantsController#index as */*
  Parameters: {"price"=>40.0, "restaurant_id"=>6, "pizza_id"=>2, "restaurant"=>{}}
  [1m[36mRestaurant Load (0.4ms)[0m  [1m[34mSELECT "restaurants".* FROM "restaurants"[0m
  ↳ app/controllers/restaurants_controller.rb:6:in `index'
Completed 200 OK in 8ms (Views: 6.8ms | ActiveRecord: 1.7ms | Allocations: 5159)


Started GET "/restaurants" for ::1 at 2023-03-18 14:29:23 +0300
Processing by RestaurantsController#index as */*
  Parameters: {"price"=>40.0, "restaurant_id"=>6, "pizza_id"=>2, "restaurant"=>{}}
  [1m[36mRestaurant Load (0.3ms)[0m  [1m[34mSELECT "restaurants".* FROM "restaurants"[0m
  ↳ app/controllers/restaurants_controller.rb:6:in `index'
Completed 200 OK in 10ms (Views: 8.5ms | ActiveRecord: 1.1ms | Allocations: 5159)


Started GET "/restaurants/2" for ::1 at 2023-03-18 14:29:46 +0300
Processing by RestaurantsController#show as */*
  Parameters: {"price"=>40.0, "restaurant_id"=>6, "pizza_id"=>2, "id"=>"2", "restaurant"=>{}}
  [1m[36mRestaurant Load (0.2ms)[0m  [1m[34mSELECT "restaurants".* FROM "restaurants" WHERE "restaurants"."id" = ? LIMIT ?[0m  [["id", 2], ["LIMIT", 1]]
  ↳ app/controllers/restaurants_controller.rb:12:in `show'
Completed 200 OK in 2ms (Views: 0.4ms | ActiveRecord: 0.2ms | Allocations: 714)


Started GET "/restaurants/2" for ::1 at 2023-03-18 14:30:27 +0300
Processing by RestaurantsController#show as */*
  Parameters: {"price"=>40.0, "restaurant_id"=>6, "pizza_id"=>2, "id"=>"2", "restaurant"=>{}}
  [1m[36mRestaurant Load (0.1ms)[0m  [1m[34mSELECT "restaurants".* FROM "restaurants" WHERE "restaurants"."id" = ? LIMIT ?[0m  [["id", 2], ["LIMIT", 1]]
  ↳ app/controllers/restaurants_controller.rb:12:in `show'
Completed 200 OK in 2ms (Views: 0.3ms | ActiveRecord: 0.1ms | Allocations: 595)


Started GET "/restaurants" for ::1 at 2023-03-18 14:30:39 +0300
Processing by RestaurantsController#index as */*
  Parameters: {"price"=>40.0, "restaurant_id"=>6, "pizza_id"=>2, "restaurant"=>{}}
  [1m[36mRestaurant Load (0.2ms)[0m  [1m[34mSELECT "restaurants".* FROM "restaurants"[0m
  ↳ app/controllers/restaurants_controller.rb:6:in `index'
Completed 200 OK in 4ms (Views: 4.1ms | ActiveRecord: 0.2ms | Allocations: 3989)


Started GET "/restaurants/s" for ::1 at 2023-03-18 14:32:59 +0300
  
SyntaxError (/home/rawllings/Development/code/phase4/pizza-restaurant/restaurant-app/app/controllers/restaurants_controller.rb:12: syntax error, unexpected local variable or method, expecting `end'
...aurant.includes(:pizzas)find_by(id: params[:id])
...                        ^~~~~~~
):
  
app/controllers/restaurants_controller.rb:12: syntax error, unexpected local variable or method, expecting `end'
app/controllers/restaurants_controller.rb:12: syntax error, unexpected local variable or method, expecting `end'
Started GET "/restaurants/2" for ::1 at 2023-03-18 14:33:27 +0300
Processing by RestaurantsController#show as */*
  Parameters: {"price"=>40.0, "restaurant_id"=>6, "pizza_id"=>2, "id"=>"2", "restaurant"=>{}}
  [1m[36mRestaurant Load (0.2ms)[0m  [1m[34mSELECT "restaurants".* FROM "restaurants" WHERE "restaurants"."id" = ? LIMIT ?[0m  [["id", 2], ["LIMIT", 1]]
  ↳ app/controllers/restaurants_controller.rb:12:in `show'
Completed 500 Internal Server Error in 15ms (ActiveRecord: 1.3ms | Allocations: 3061)


  
ActiveRecord::AssociationNotFoundError (Association named 'pizzas' was not found on Restaurant; perhaps you misspelled it?
Did you mean?  Pizzas):
  
app/controllers/restaurants_controller.rb:12:in `show'
Started GET "/restaurants/2" for ::1 at 2023-03-18 14:33:40 +0300
Processing by RestaurantsController#show as */*
  Parameters: {"price"=>40.0, "restaurant_id"=>6, "pizza_id"=>2, "id"=>"2", "restaurant"=>{}}
  [1m[36mRestaurant Load (0.2ms)[0m  [1m[34mSELECT "restaurants".* FROM "restaurants" WHERE "restaurants"."id" = ? LIMIT ?[0m  [["id", 2], ["LIMIT", 1]]
  ↳ app/controllers/restaurants_controller.rb:12:in `show'
Completed 500 Internal Server Error in 6ms (ActiveRecord: 1.4ms | Allocations: 1891)


  
ActiveRecord::AssociationNotFoundError (Association named 'pizza' was not found on Restaurant; perhaps you misspelled it?
Did you mean?  Pizzas):
  
app/controllers/restaurants_controller.rb:12:in `show'
Started GET "/restaurants/2" for ::1 at 2023-03-18 14:34:00 +0300
Processing by RestaurantsController#show as */*
  Parameters: {"price"=>40.0, "restaurant_id"=>6, "pizza_id"=>2, "id"=>"2", "restaurant"=>{}}
  [1m[36mRestaurant Load (0.3ms)[0m  [1m[34mSELECT "restaurants".* FROM "restaurants" WHERE "restaurants"."id" = ? LIMIT ?[0m  [["id", 2], ["LIMIT", 1]]
  ↳ app/controllers/restaurants_controller.rb:12:in `show'
Completed 500 Internal Server Error in 5ms (ActiveRecord: 1.4ms | Allocations: 1891)


  
ActiveRecord::AssociationNotFoundError (Association named 'Pizza' was not found on Restaurant; perhaps you misspelled it?
Did you mean?  Pizzas):
  
app/controllers/restaurants_controller.rb:12:in `show'
Started GET "/restaurants/2" for ::1 at 2023-03-18 14:34:11 +0300
Processing by RestaurantsController#show as */*
  Parameters: {"price"=>40.0, "restaurant_id"=>6, "pizza_id"=>2, "id"=>"2", "restaurant"=>{}}
  [1m[36mRestaurant Load (0.2ms)[0m  [1m[34mSELECT "restaurants".* FROM "restaurants" WHERE "restaurants"."id" = ? LIMIT ?[0m  [["id", 2], ["LIMIT", 1]]
  ↳ app/controllers/restaurants_controller.rb:12:in `show'
Completed 500 Internal Server Error in 18ms (ActiveRecord: 1.8ms | Allocations: 5197)


  
ActiveRecord::HasManyThroughAssociationNotFoundError (Could not find the association :RestaurantPizza in model Restaurant
Did you mean?  RestaurantPizzas):
  
app/controllers/restaurants_controller.rb:12:in `show'
Started GET "/restaurants/2" for ::1 at 2023-03-18 14:39:35 +0300
Processing by RestaurantsController#show as */*
  Parameters: {"price"=>40.0, "restaurant_id"=>6, "pizza_id"=>2, "id"=>"2", "restaurant"=>{}}
  [1m[36mRestaurant Load (0.7ms)[0m  [1m[34mSELECT "restaurants".* FROM "restaurants" WHERE "restaurants"."id" = ? LIMIT ?[0m  [["id", 2], ["LIMIT", 1]]
  ↳ app/controllers/restaurants_controller.rb:12:in `show'
Completed 200 OK in 6ms (Views: 0.4ms | ActiveRecord: 1.3ms | Allocations: 1735)


Started GET "/restaurants/2" for ::1 at 2023-03-18 14:40:26 +0300
Processing by RestaurantsController#show as */*
  Parameters: {"price"=>40.0, "restaurant_id"=>6, "pizza_id"=>2, "id"=>"2", "restaurant"=>{}}
  [1m[36mRestaurant Load (0.2ms)[0m  [1m[34mSELECT "restaurants".* FROM "restaurants" WHERE "restaurants"."id" = ? LIMIT ?[0m  [["id", 2], ["LIMIT", 1]]
  ↳ app/controllers/restaurants_controller.rb:12:in `show'
Completed 200 OK in 7ms (Views: 0.5ms | ActiveRecord: 1.8ms | Allocations: 1859)


Started GET "/restaurants/2" for ::1 at 2023-03-18 14:40:38 +0300
Processing by RestaurantsController#show as */*
  Parameters: {"price"=>40.0, "restaurant_id"=>6, "pizza_id"=>2, "id"=>"2", "restaurant"=>{}}
  [1m[36mRestaurant Load (0.2ms)[0m  [1m[34mSELECT "restaurants".* FROM "restaurants" WHERE "restaurants"."id" = ? LIMIT ?[0m  [["id", 2], ["LIMIT", 1]]
  ↳ app/controllers/restaurants_controller.rb:12:in `show'
Completed 200 OK in 6ms (Views: 0.6ms | ActiveRecord: 1.8ms | Allocations: 1858)


Started GET "/restaurants/2" for ::1 at 2023-03-18 14:40:39 +0300
Processing by RestaurantsController#show as */*
  Parameters: {"price"=>40.0, "restaurant_id"=>6, "pizza_id"=>2, "id"=>"2", "restaurant"=>{}}
  [1m[36mRestaurant Load (0.1ms)[0m  [1m[34mSELECT "restaurants".* FROM "restaurants" WHERE "restaurants"."id" = ? LIMIT ?[0m  [["id", 2], ["LIMIT", 1]]
  ↳ app/controllers/restaurants_controller.rb:12:in `show'
Completed 200 OK in 2ms (Views: 0.5ms | ActiveRecord: 0.1ms | Allocations: 596)


Started GET "/restaurants/2" for ::1 at 2023-03-18 14:40:55 +0300
Processing by RestaurantsController#show as */*
  Parameters: {"price"=>40.0, "restaurant_id"=>6, "pizza_id"=>2, "id"=>"2", "restaurant"=>{}}
  [1m[36mRestaurant Load (0.2ms)[0m  [1m[34mSELECT "restaurants".* FROM "restaurants" WHERE "restaurants"."id" = ? LIMIT ?[0m  [["id", 2], ["LIMIT", 1]]
  ↳ app/controllers/restaurants_controller.rb:12:in `show'
Completed 200 OK in 5ms (Views: 0.4ms | ActiveRecord: 1.1ms | Allocations: 1858)


Started GET "/restaurants" for 127.0.0.1 at 2023-03-18 14:53:00 +0300
Processing by RestaurantsController#index as HTML
  [1m[36mRestaurant Load (0.2ms)[0m  [1m[34mSELECT "restaurants".* FROM "restaurants"[0m
  ↳ app/controllers/restaurants_controller.rb:6:in `index'
Completed 200 OK in 11ms (Views: 10.3ms | ActiveRecord: 0.7ms | Allocations: 4125)


